#
# There is insufficient memory for the Java Runtime Environment to continue.
# Native memory allocation (malloc) failed to allocate 1173936 bytes for Chunk::new
# Possible reasons:
#   The system is out of physical RAM or swap space
#   The process is running with CompressedOops enabled, and the Java Heap may be blocking the growth of the native heap
# Possible solutions:
#   Reduce memory load on the system
#   Increase physical memory or swap space
#   Check if swap backing store is full
#   Decrease Java heap size (-Xmx/-Xms)
#   Decrease number of Java threads
#   Decrease Java thread stack sizes (-Xss)
#   Set larger code cache with -XX:ReservedCodeCacheSize=
#   JVM is running with Unscaled Compressed Oops mode in which the Java heap is
#     placed in the first 4GB address space. The Java Heap base address is the
#     maximum limit for the native heap growth. Please use -XX:HeapBaseMinAddress
#     to set the Java Heap base and to place the Java Heap above 4GB virtual address.
# This output file may be truncated or incomplete.
#
#  Out of Memory Error (./src/hotspot/share/memory/arena.cpp:197), pid=19096, tid=8152
#
# JRE version: OpenJDK Runtime Environment (11.0.8+10) (build 11.0.8+10-b944.6842174)
# Java VM: OpenJDK 64-Bit Server VM (11.0.8+10-b944.6842174, mixed mode, tiered, compressed oops, g1 gc, windows-amd64)
# No core dump will be written. Minidumps are not enabled by default on client versions of Windows
#

---------------  S U M M A R Y ------------

Command Line: --add-opens=java.base/java.util=ALL-UNNAMED --add-opens=java.base/java.lang=ALL-UNNAMED --add-opens=java.base/java.lang.invoke=ALL-UNNAMED --add-opens=java.prefs/java.util.prefs=ALL-UNNAMED -Xmx2048m -Dfile.encoding=UTF-8 -Duser.country=GB -Duser.language=en -Duser.variant org.gradle.launcher.daemon.bootstrap.GradleDaemon 6.7.1

Host: 11th Gen Intel(R) Core(TM) i5-1135G7 @ 2.40GHz, 8 cores, 15G,  Windows 10 , 64 bit Build 19041 (10.0.19041.1023)
Time: Fri Jul  9 23:17:50 2021 Central Summer Time (Mexico) elapsed time: 149 seconds (0d 0h 2m 29s)

---------------  T H R E A D  ---------------

Current thread (0x00000184053b8800):  JavaThread "C2 CompilerThread2" daemon [_thread_in_native, id=8152, stack(0x000000082c100000,0x000000082c200000)]


Current CompileTask:
C2: 149470 17093       4       com.sun.tools.javac.comp.Resolve::findMethod (428 bytes)

Stack: [0x000000082c100000,0x000000082c200000]
Native frames: (J=compiled Java code, j=interpreted, Vv=VM code, C=native code)
V  [jvm.dll+0x5de50a]
V  [jvm.dll+0x7122f5]
V  [jvm.dll+0x71384d]
V  [jvm.dll+0x713f03]
V  [jvm.dll+0x23e728]
V  [jvm.dll+0xb899c]
V  [jvm.dll+0xb8e9c]
V  [jvm.dll+0x35020b]
V  [jvm.dll+0x193cbc]
V  [jvm.dll+0x1f780e]
V  [jvm.dll+0x1f68d4]
V  [jvm.dll+0x17f32c]
V  [jvm.dll+0x205047]
V  [jvm.dll+0x203891]
V  [jvm.dll+0x6dad3f]
V  [jvm.dll+0x6d3895]
V  [jvm.dll+0x5dd4a6]
C  [ucrtbase.dll+0x21bb2]
C  [KERNEL32.DLL+0x17034]
C  [ntdll.dll+0x52651]


---------------  P R O C E S S  ---------------

Threads class SMR info:
_java_thread_list=0x000001847fdc3de0, length=153, elements={
0x0000018460bdb800, 0x000001847bf0c800, 0x000001847bf17800, 0x000001847bf6e000,
0x000001847bf6f000, 0x000001847bf70000, 0x000001847bf75800, 0x000001847bf82800,
0x000001847c0fb000, 0x000001847c0ed000, 0x000001847de11000, 0x000001847de65800,
0x000001847dfa5000, 0x000001847e70a800, 0x000001847e70b800, 0x000001847e70c000,
0x000001847e710000, 0x000001847f15d800, 0x0000018402b93800, 0x0000018401859000,
0x0000018402b8c000, 0x0000018402b88000, 0x0000018402b89000, 0x0000018402b8e000,
0x0000018402b8e800, 0x0000018402b8a800, 0x0000018402b8b800, 0x0000018402b8f800,
0x0000018402b8d000, 0x0000018402b89800, 0x0000018402b95000, 0x0000018402b94800,
0x0000018402b92800, 0x0000018402b91000, 0x0000018402b92000, 0x0000018402b96000,
0x0000018402b90000, 0x000001847f15a000, 0x000001847f15b800, 0x000001847f159800,
0x000001847f15c800, 0x000001847f15e000, 0x000001847f158800, 0x000001847f164800,
0x000001847f160800, 0x000001847f163000, 0x000001847f165800, 0x000001847f160000,
0x000001847f164000, 0x000001847f166800, 0x000001847f161800, 0x000001847f162800,
0x0000018401851000, 0x0000018401852800, 0x0000018401852000, 0x0000018401853800,
0x0000018401854800, 0x0000018401857000, 0x0000018401855000, 0x000001840185b800,
0x0000018401857800, 0x0000018401856000, 0x000001840185f000, 0x000001840185c800,
0x000001840185f800, 0x000001840185d800, 0x000001847e711000, 0x000001847e70d000,
0x000001847e70d800, 0x000001847e70e800, 0x000001847e70f800, 0x000001840763f000,
0x000001840763e800, 0x000001840763a000, 0x000001840763c800, 0x000001840763b000,
0x0000018407639800, 0x0000018407640000, 0x0000018407640800, 0x0000018407641800,
0x000001840763d800, 0x000001840763c000, 0x0000018407642800, 0x0000018407647800,
0x0000018407645800, 0x0000018407646800, 0x0000018407648000, 0x0000018407645000,
0x0000018407643000, 0x0000018407644000, 0x0000018402d19000, 0x0000018402d18000,
0x0000018402d17800, 0x0000018402d1a800, 0x0000018402d1a000, 0x0000018402d15000,
0x0000018402d1b800, 0x0000018402d16000, 0x0000018402d16800, 0x000001847e04c800,
0x000001847e047800, 0x000001847e04a000, 0x000001847e049800, 0x000001847e04b000,
0x000001847e04c000, 0x000001847e04d800, 0x000001847e048800, 0x000001847e051800,
0x000001847e04e000, 0x000001847e055000, 0x000001847e050000, 0x000001847e054000,
0x000001847e050800, 0x000001847e052800, 0x000001847e053000, 0x000001847e04f000,
0x000001847e055800, 0x000001847e056800, 0x0000018404fbd800, 0x0000018404fbb000,
0x0000018404fba800, 0x0000018404fbe800, 0x0000018404fb9800, 0x0000018404fbc000,
0x0000018404fbc800, 0x0000018404fb8800, 0x0000018404fc4000, 0x0000018404fc2800,
0x0000018404fbf000, 0x0000018404fc0000, 0x0000018404fc5800, 0x0000018404fc6800,
0x0000018404fc5000, 0x0000018404fc1000, 0x0000018404fc7800, 0x0000018404fc1800,
0x0000018404fc3800, 0x00000184072b1800, 0x00000184072b3800, 0x00000184072b4000,
0x00000184072ae800, 0x00000184072b1000, 0x00000184072b2800, 0x00000184072b5000,
0x00000184072af000, 0x00000184072b0000, 0x00000184072bb800, 0x00000184072b8000,
0x00000184072b5800, 0x00000184072ba000, 0x00000184072b7800, 0x000001847c20c000,
0x00000184053b8800
}

Java Threads: ( => current thread )
  0x0000018460bdb800 JavaThread "main" [_thread_blocked, id=5224, stack(0x0000000829800000,0x0000000829900000)]
  0x000001847bf0c800 JavaThread "Reference Handler" daemon [_thread_blocked, id=18820, stack(0x0000000829f00000,0x000000082a000000)]
  0x000001847bf17800 JavaThread "Finalizer" daemon [_thread_blocked, id=10500, stack(0x000000082a000000,0x000000082a100000)]
  0x000001847bf6e000 JavaThread "Signal Dispatcher" daemon [_thread_blocked, id=5228, stack(0x000000082a100000,0x000000082a200000)]
  0x000001847bf6f000 JavaThread "Attach Listener" daemon [_thread_blocked, id=10128, stack(0x000000082a200000,0x000000082a300000)]
  0x000001847bf70000 JavaThread "C2 CompilerThread0" daemon [_thread_blocked, id=22672, stack(0x000000082a300000,0x000000082a400000)]
  0x000001847bf75800 JavaThread "C1 CompilerThread0" daemon [_thread_blocked, id=25756, stack(0x000000082a400000,0x000000082a500000)]
  0x000001847bf82800 JavaThread "Sweeper thread" daemon [_thread_blocked, id=2136, stack(0x000000082a500000,0x000000082a600000)]
  0x000001847c0fb000 JavaThread "Common-Cleaner" daemon [_thread_blocked, id=24888, stack(0x000000082a600000,0x000000082a700000)]
  0x000001847c0ed000 JavaThread "Service Thread" daemon [_thread_blocked, id=13680, stack(0x000000082a700000,0x000000082a800000)]
  0x000001847de11000 JavaThread "Daemon health stats" [_thread_blocked, id=352, stack(0x000000082b000000,0x000000082b100000)]
  0x000001847de65800 JavaThread "Incoming local TCP Connector on port 64663" [_thread_in_native, id=8980, stack(0x000000082b300000,0x000000082b400000)]
  0x000001847dfa5000 JavaThread "Daemon periodic checks" [_thread_blocked, id=21864, stack(0x000000082b400000,0x000000082b500000)]
  0x000001847e70a800 JavaThread "Cache worker for file hash cache (C:\Users\juan_\.gradle\caches\6.7.1\fileHashes)" [_thread_blocked, id=14676, stack(0x000000082bc00000,0x000000082bd00000)]
  0x000001847e70b800 JavaThread "File lock request listener" [_thread_in_native, id=19568, stack(0x000000082bd00000,0x000000082be00000)]
  0x000001847e70c000 JavaThread "Cache worker for journal cache (C:\Users\juan_\.gradle\caches\journal-1)" [_thread_blocked, id=15052, stack(0x000000082c000000,0x000000082c100000)]
  0x000001847e710000 JavaThread "Cache worker for execution history cache (C:\Users\juan_\.gradle\caches\6.7.1\executionHistory)" [_thread_blocked, id=25108, stack(0x000000082c600000,0x000000082c700000)]
  0x000001847f15d800 JavaThread "Cache worker for file content cache (C:\Users\juan_\.gradle\caches\6.7.1\fileContent)" [_thread_blocked, id=24976, stack(0x000000082c800000,0x000000082c900000)]
  0x0000018402b93800 JavaThread "Memory manager" [_thread_blocked, id=10340, stack(0x0000000833500000,0x0000000833600000)]
  0x0000018401859000 JavaThread "Cache worker for Java compile cache (C:\Users\juan_\.gradle\caches\6.7.1\javaCompile)" [_thread_blocked, id=17036, stack(0x0000000834500000,0x0000000834600000)]
  0x0000018402b8c000 JavaThread "Daemon Thread 2" [_thread_blocked, id=1960, stack(0x0000000829500000,0x0000000829600000)]
  0x0000018402b88000 JavaThread "Handler for socket connection from /127.0.0.1:64663 to /127.0.0.1:62556" [_thread_in_native, id=8408, stack(0x0000000829600000,0x0000000829700000)]
  0x0000018402b89000 JavaThread "Cancel handler" [_thread_blocked, id=25764, stack(0x0000000829700000,0x0000000829800000)]
  0x0000018402b8e000 JavaThread "Daemon worker Thread 2" [_thread_in_native, id=5444, stack(0x000000082a900000,0x000000082aa00000)]
  0x0000018402b8e800 JavaThread "Asynchronous log dispatcher for DefaultDaemonConnection: socket connection from /127.0.0.1:64663 to /127.0.0.1:62556" [_thread_blocked, id=26348, stack(0x000000082b100000,0x000000082b200000)]
  0x0000018402b8a800 JavaThread "Stdin handler" [_thread_blocked, id=4960, stack(0x000000082b200000,0x000000082b300000)]
  0x0000018402b8b800 JavaThread "Thread-169" [_thread_blocked, id=13412, stack(0x000000082b500000,0x000000082b600000)]
  0x0000018402b8f800 JavaThread "Cache worker for file hash cache (D:\Grupal\PuertaCovid\.gradle\6.7.1\fileHashes)" [_thread_blocked, id=22844, stack(0x000000082b600000,0x000000082b700000)]
  0x0000018402b8d000 JavaThread "Cache worker for checksums cache (D:\Grupal\PuertaCovid\.gradle\checksums)" [_thread_blocked, id=14896, stack(0x000000082b700000,0x000000082b800000)]
  0x0000018402b89800 JavaThread "Cache worker for cache directory md-supplier (C:\Users\juan_\.gradle\caches\6.7.1\md-supplier)" [_thread_blocked, id=11064, stack(0x000000082b800000,0x000000082b900000)]
  0x0000018402b95000 JavaThread "Cache worker for cache directory md-rule (C:\Users\juan_\.gradle\caches\6.7.1\md-rule)" [_thread_blocked, id=4852, stack(0x000000082b900000,0x000000082ba00000)]
  0x0000018402b94800 JavaThread "Cache worker for Build Output Cleanup Cache (D:\Grupal\PuertaCovid\.gradle\buildOutputCleanup)" [_thread_blocked, id=10664, stack(0x000000082bb00000,0x000000082bc00000)]
  0x0000018402b92800 JavaThread "Build operations" [_thread_blocked, id=21956, stack(0x000000082c200000,0x000000082c300000)]
  0x0000018402b91000 JavaThread "Build operations Thread 2" [_thread_blocked, id=4324, stack(0x000000082c300000,0x000000082c400000)]
  0x0000018402b92000 JavaThread "Build operations Thread 3" [_thread_blocked, id=14940, stack(0x000000082c400000,0x000000082c500000)]
  0x0000018402b96000 JavaThread "Build operations Thread 4" [_thread_blocked, id=16780, stack(0x000000082c500000,0x000000082c600000)]
  0x0000018402b90000 JavaThread "Build operations Thread 5" [_thread_blocked, id=10652, stack(0x000000082c700000,0x000000082c800000)]
  0x000001847f15a000 JavaThread "Build operations Thread 6" [_thread_blocked, id=11480, stack(0x000000082c900000,0x000000082ca00000)]
  0x000001847f15b800 JavaThread "Build operations Thread 7" [_thread_blocked, id=12020, stack(0x000000082ca00000,0x000000082cb00000)]
  0x000001847f159800 JavaThread "Build operations Thread 8" [_thread_blocked, id=19508, stack(0x000000082cb00000,0x000000082cc00000)]
  0x000001847f15c800 JavaThread "jar transforms Thread 101" [_thread_blocked, id=21200, stack(0x000000082cc00000,0x000000082cd00000)]
  0x000001847f15e000 JavaThread "jar transforms Thread 102" [_thread_blocked, id=24408, stack(0x000000082cd00000,0x000000082ce00000)]
  0x000001847f158800 JavaThread "jar transforms Thread 103" [_thread_blocked, id=13924, stack(0x000000082ce00000,0x000000082cf00000)]
  0x000001847f164800 JavaThread "jar transforms Thread 104" [_thread_blocked, id=24604, stack(0x000000082cf00000,0x000000082d000000)]
  0x000001847f160800 JavaThread "jar transforms Thread 105" [_thread_blocked, id=7592, stack(0x000000082d000000,0x000000082d100000)]
  0x000001847f163000 JavaThread "jar transforms Thread 106" [_thread_blocked, id=24032, stack(0x000000082d100000,0x000000082d200000)]
  0x000001847f165800 JavaThread "jar transforms Thread 107" [_thread_blocked, id=23352, stack(0x000000082d200000,0x000000082d300000)]
  0x000001847f160000 JavaThread "jar transforms Thread 108" [_thread_blocked, id=24232, stack(0x000000082d300000,0x000000082d400000)]
  0x000001847f164000 JavaThread "jar transforms Thread 109" [_thread_blocked, id=8224, stack(0x000000082d400000,0x000000082d500000)]
  0x000001847f166800 JavaThread "jar transforms Thread 110" [_thread_blocked, id=7024, stack(0x000000082d500000,0x000000082d600000)]
  0x000001847f161800 JavaThread "jar transforms Thread 111" [_thread_blocked, id=24856, stack(0x000000082d600000,0x000000082d700000)]
  0x000001847f162800 JavaThread "jar transforms Thread 112" [_thread_blocked, id=22640, stack(0x000000082d700000,0x000000082d800000)]
  0x0000018401851000 JavaThread "jar transforms Thread 113" [_thread_blocked, id=23016, stack(0x000000082d800000,0x000000082d900000)]
  0x0000018401852800 JavaThread "jar transforms Thread 114" [_thread_blocked, id=9504, stack(0x000000082d900000,0x000000082da00000)]
  0x0000018401852000 JavaThread "jar transforms Thread 115" [_thread_blocked, id=12536, stack(0x000000082da00000,0x000000082db00000)]
  0x0000018401853800 JavaThread "jar transforms Thread 116" [_thread_blocked, id=25560, stack(0x000000082db00000,0x000000082dc00000)]
  0x0000018401854800 JavaThread "jar transforms Thread 117" [_thread_blocked, id=12708, stack(0x000000082dc00000,0x000000082dd00000)]
  0x0000018401857000 JavaThread "jar transforms Thread 118" [_thread_blocked, id=23140, stack(0x000000082dd00000,0x000000082de00000)]
  0x0000018401855000 JavaThread "jar transforms Thread 119" [_thread_blocked, id=16288, stack(0x000000082de00000,0x000000082df00000)]
  0x000001840185b800 JavaThread "jar transforms Thread 120" [_thread_blocked, id=26284, stack(0x000000082df00000,0x000000082e000000)]
  0x0000018401857800 JavaThread "jar transforms Thread 121" [_thread_blocked, id=12452, stack(0x000000082e000000,0x000000082e100000)]
  0x0000018401856000 JavaThread "jar transforms Thread 122" [_thread_blocked, id=5380, stack(0x000000082e100000,0x000000082e200000)]
  0x000001840185f000 JavaThread "jar transforms Thread 123" [_thread_blocked, id=13896, stack(0x000000082e200000,0x000000082e300000)]
  0x000001840185c800 JavaThread "jar transforms Thread 124" [_thread_blocked, id=10688, stack(0x000000082e300000,0x000000082e400000)]
  0x000001840185f800 JavaThread "jar transforms Thread 125" [_thread_blocked, id=25248, stack(0x000000082e400000,0x000000082e500000)]
  0x000001840185d800 JavaThread "jar transforms Thread 126" [_thread_blocked, id=12952, stack(0x000000082e500000,0x000000082e600000)]
  0x000001847e711000 JavaThread "jar transforms Thread 127" [_thread_blocked, id=18760, stack(0x000000082e600000,0x000000082e700000)]
  0x000001847e70d000 JavaThread "jar transforms Thread 128" [_thread_blocked, id=18864, stack(0x000000082e700000,0x000000082e800000)]
  0x000001847e70d800 JavaThread "jar transforms Thread 129" [_thread_blocked, id=15976, stack(0x000000082e800000,0x000000082e900000)]
  0x000001847e70e800 JavaThread "jar transforms Thread 130" [_thread_blocked, id=22820, stack(0x000000082e900000,0x000000082ea00000)]
  0x000001847e70f800 JavaThread "jar transforms Thread 131" [_thread_blocked, id=21584, stack(0x000000082ea00000,0x000000082eb00000)]
  0x000001840763f000 JavaThread "jar transforms Thread 132" [_thread_blocked, id=5812, stack(0x000000082eb00000,0x000000082ec00000)]
  0x000001840763e800 JavaThread "jar transforms Thread 133" [_thread_blocked, id=6680, stack(0x000000082ec00000,0x000000082ed00000)]
  0x000001840763a000 JavaThread "jar transforms Thread 134" [_thread_blocked, id=9944, stack(0x000000082ed00000,0x000000082ee00000)]
  0x000001840763c800 JavaThread "jar transforms Thread 135" [_thread_blocked, id=17224, stack(0x000000082ee00000,0x000000082ef00000)]
  0x000001840763b000 JavaThread "jar transforms Thread 136" [_thread_blocked, id=23544, stack(0x000000082ef00000,0x000000082f000000)]
  0x0000018407639800 JavaThread "jar transforms Thread 137" [_thread_blocked, id=13708, stack(0x000000082f000000,0x000000082f100000)]
  0x0000018407640000 JavaThread "jar transforms Thread 138" [_thread_blocked, id=25772, stack(0x000000082f100000,0x000000082f200000)]
  0x0000018407640800 JavaThread "jar transforms Thread 139" [_thread_blocked, id=6516, stack(0x000000082f200000,0x000000082f300000)]
  0x0000018407641800 JavaThread "jar transforms Thread 140" [_thread_blocked, id=11448, stack(0x000000082f300000,0x000000082f400000)]
  0x000001840763d800 JavaThread "jar transforms Thread 141" [_thread_blocked, id=20472, stack(0x000000082f400000,0x000000082f500000)]
  0x000001840763c000 JavaThread "jar transforms Thread 142" [_thread_blocked, id=13712, stack(0x000000082f500000,0x000000082f600000)]
  0x0000018407642800 JavaThread "jar transforms Thread 143" [_thread_blocked, id=16316, stack(0x000000082f600000,0x000000082f700000)]
  0x0000018407647800 JavaThread "jar transforms Thread 144" [_thread_blocked, id=26096, stack(0x000000082f700000,0x000000082f800000)]
  0x0000018407645800 JavaThread "jar transforms Thread 145" [_thread_blocked, id=21680, stack(0x000000082f800000,0x000000082f900000)]
  0x0000018407646800 JavaThread "jar transforms Thread 146" [_thread_blocked, id=6520, stack(0x000000082f900000,0x000000082fa00000)]
  0x0000018407648000 JavaThread "jar transforms Thread 147" [_thread_blocked, id=22048, stack(0x000000082fa00000,0x000000082fb00000)]
  0x0000018407645000 JavaThread "jar transforms Thread 148" [_thread_blocked, id=21348, stack(0x000000082fb00000,0x000000082fc00000)]
  0x0000018407643000 JavaThread "jar transforms Thread 149" [_thread_blocked, id=7228, stack(0x000000082fc00000,0x000000082fd00000)]
  0x0000018407644000 JavaThread "jar transforms Thread 150" [_thread_blocked, id=1564, stack(0x000000082fd00000,0x000000082fe00000)]
  0x0000018402d19000 JavaThread "jar transforms Thread 151" [_thread_blocked, id=9016, stack(0x000000082fe00000,0x000000082ff00000)]
  0x0000018402d18000 JavaThread "jar transforms Thread 152" [_thread_blocked, id=19108, stack(0x000000082ff00000,0x0000000830000000)]
  0x0000018402d17800 JavaThread "jar transforms Thread 153" [_thread_blocked, id=11380, stack(0x0000000830000000,0x0000000830100000)]
  0x0000018402d1a800 JavaThread "jar transforms Thread 154" [_thread_blocked, id=12972, stack(0x0000000830100000,0x0000000830200000)]
  0x0000018402d1a000 JavaThread "jar transforms Thread 155" [_thread_blocked, id=22856, stack(0x0000000830200000,0x0000000830300000)]
  0x0000018402d15000 JavaThread "jar transforms Thread 156" [_thread_blocked, id=25324, stack(0x0000000830300000,0x0000000830400000)]
  0x0000018402d1b800 JavaThread "jar transforms Thread 157" [_thread_blocked, id=25912, stack(0x0000000830400000,0x0000000830500000)]
  0x0000018402d16000 JavaThread "jar transforms Thread 158" [_thread_blocked, id=26028, stack(0x0000000830500000,0x0000000830600000)]
  0x0000018402d16800 JavaThread "jar transforms Thread 159" [_thread_blocked, id=18224, stack(0x0000000830600000,0x0000000830700000)]
  0x000001847e04c800 JavaThread "jar transforms Thread 160" [_thread_blocked, id=20732, stack(0x0000000830700000,0x0000000830800000)]
  0x000001847e047800 JavaThread "jar transforms Thread 161" [_thread_blocked, id=5820, stack(0x0000000830800000,0x0000000830900000)]
  0x000001847e04a000 JavaThread "jar transforms Thread 162" [_thread_blocked, id=15684, stack(0x0000000830900000,0x0000000830a00000)]
  0x000001847e049800 JavaThread "jar transforms Thread 163" [_thread_blocked, id=24100, stack(0x0000000830a00000,0x0000000830b00000)]
  0x000001847e04b000 JavaThread "jar transforms Thread 164" [_thread_blocked, id=21568, stack(0x0000000830b00000,0x0000000830c00000)]
  0x000001847e04c000 JavaThread "jar transforms Thread 165" [_thread_blocked, id=24140, stack(0x0000000830c00000,0x0000000830d00000)]
  0x000001847e04d800 JavaThread "jar transforms Thread 166" [_thread_blocked, id=11776, stack(0x0000000830d00000,0x0000000830e00000)]
  0x000001847e048800 JavaThread "jar transforms Thread 167" [_thread_blocked, id=21416, stack(0x0000000830e00000,0x0000000830f00000)]
  0x000001847e051800 JavaThread "jar transforms Thread 168" [_thread_blocked, id=20988, stack(0x0000000830f00000,0x0000000831000000)]
  0x000001847e04e000 JavaThread "jar transforms Thread 169" [_thread_blocked, id=26216, stack(0x0000000831000000,0x0000000831100000)]
  0x000001847e055000 JavaThread "jar transforms Thread 170" [_thread_blocked, id=19616, stack(0x0000000831100000,0x0000000831200000)]
  0x000001847e050000 JavaThread "jar transforms Thread 171" [_thread_blocked, id=24016, stack(0x0000000831200000,0x0000000831300000)]
  0x000001847e054000 JavaThread "jar transforms Thread 172" [_thread_blocked, id=14944, stack(0x0000000831300000,0x0000000831400000)]
  0x000001847e050800 JavaThread "jar transforms Thread 173" [_thread_blocked, id=23816, stack(0x0000000831400000,0x0000000831500000)]
  0x000001847e052800 JavaThread "jar transforms Thread 174" [_thread_blocked, id=25208, stack(0x0000000831500000,0x0000000831600000)]
  0x000001847e053000 JavaThread "jar transforms Thread 175" [_thread_blocked, id=26340, stack(0x0000000831600000,0x0000000831700000)]
  0x000001847e04f000 JavaThread "jar transforms Thread 176" [_thread_blocked, id=22744, stack(0x0000000831700000,0x0000000831800000)]
  0x000001847e055800 JavaThread "jar transforms Thread 177" [_thread_blocked, id=14208, stack(0x0000000831800000,0x0000000831900000)]
  0x000001847e056800 JavaThread "jar transforms Thread 178" [_thread_blocked, id=20888, stack(0x0000000831900000,0x0000000831a00000)]
  0x0000018404fbd800 JavaThread "jar transforms Thread 179" [_thread_blocked, id=14228, stack(0x0000000831a00000,0x0000000831b00000)]
  0x0000018404fbb000 JavaThread "jar transforms Thread 180" [_thread_blocked, id=18584, stack(0x0000000831b00000,0x0000000831c00000)]
  0x0000018404fba800 JavaThread "jar transforms Thread 181" [_thread_blocked, id=24128, stack(0x0000000831c00000,0x0000000831d00000)]
  0x0000018404fbe800 JavaThread "jar transforms Thread 182" [_thread_blocked, id=23432, stack(0x0000000831d00000,0x0000000831e00000)]
  0x0000018404fb9800 JavaThread "jar transforms Thread 183" [_thread_blocked, id=12252, stack(0x0000000831e00000,0x0000000831f00000)]
  0x0000018404fbc000 JavaThread "jar transforms Thread 184" [_thread_blocked, id=9648, stack(0x0000000831f00000,0x0000000832000000)]
  0x0000018404fbc800 JavaThread "jar transforms Thread 185" [_thread_blocked, id=3872, stack(0x0000000832000000,0x0000000832100000)]
  0x0000018404fb8800 JavaThread "jar transforms Thread 186" [_thread_blocked, id=22060, stack(0x0000000832100000,0x0000000832200000)]
  0x0000018404fc4000 JavaThread "jar transforms Thread 187" [_thread_blocked, id=25004, stack(0x0000000832200000,0x0000000832300000)]
  0x0000018404fc2800 JavaThread "jar transforms Thread 188" [_thread_blocked, id=18312, stack(0x0000000832300000,0x0000000832400000)]
  0x0000018404fbf000 JavaThread "jar transforms Thread 189" [_thread_blocked, id=6548, stack(0x0000000832400000,0x0000000832500000)]
  0x0000018404fc0000 JavaThread "jar transforms Thread 190" [_thread_blocked, id=25580, stack(0x0000000832500000,0x0000000832600000)]
  0x0000018404fc5800 JavaThread "jar transforms Thread 191" [_thread_blocked, id=25880, stack(0x0000000832600000,0x0000000832700000)]
  0x0000018404fc6800 JavaThread "jar transforms Thread 192" [_thread_blocked, id=26332, stack(0x0000000832700000,0x0000000832800000)]
  0x0000018404fc5000 JavaThread "jar transforms Thread 193" [_thread_blocked, id=23928, stack(0x0000000832800000,0x0000000832900000)]
  0x0000018404fc1000 JavaThread "jar transforms Thread 194" [_thread_blocked, id=25088, stack(0x0000000832900000,0x0000000832a00000)]
  0x0000018404fc7800 JavaThread "jar transforms Thread 195" [_thread_blocked, id=23628, stack(0x0000000832a00000,0x0000000832b00000)]
  0x0000018404fc1800 JavaThread "jar transforms Thread 196" [_thread_blocked, id=22044, stack(0x0000000832b00000,0x0000000832c00000)]
  0x0000018404fc3800 JavaThread "jar transforms Thread 197" [_thread_blocked, id=5852, stack(0x0000000832c00000,0x0000000832d00000)]
  0x00000184072b1800 JavaThread "jar transforms Thread 198" [_thread_blocked, id=19648, stack(0x0000000832d00000,0x0000000832e00000)]
  0x00000184072b3800 JavaThread "jar transforms Thread 199" [_thread_blocked, id=14852, stack(0x0000000832e00000,0x0000000832f00000)]
  0x00000184072b4000 JavaThread "jar transforms Thread 200" [_thread_blocked, id=5564, stack(0x0000000832f00000,0x0000000833000000)]
  0x00000184072ae800 JavaThread "build event listener" [_thread_blocked, id=23900, stack(0x0000000833000000,0x0000000833100000)]
  0x00000184072b1000 JavaThread "build event listener" [_thread_blocked, id=17272, stack(0x0000000833100000,0x0000000833200000)]
  0x00000184072b2800 JavaThread "Execution worker for ':'" [_thread_blocked, id=17072, stack(0x0000000833200000,0x0000000833300000)]
  0x00000184072b5000 JavaThread "Execution worker for ':' Thread 2" [_thread_blocked, id=16132, stack(0x0000000833300000,0x0000000833400000)]
  0x00000184072af000 JavaThread "Execution worker for ':' Thread 3" [_thread_blocked, id=6964, stack(0x0000000833400000,0x0000000833500000)]
  0x00000184072b0000 JavaThread "Execution worker for ':' Thread 4" [_thread_blocked, id=14316, stack(0x0000000833a00000,0x0000000833b00000)]
  0x00000184072bb800 JavaThread "Execution worker for ':' Thread 5" [_thread_blocked, id=22776, stack(0x0000000833b00000,0x0000000833c00000)]
  0x00000184072b8000 JavaThread "Execution worker for ':' Thread 6" [_thread_blocked, id=16520, stack(0x0000000833c00000,0x0000000833d00000)]
  0x00000184072b5800 JavaThread "Execution worker for ':' Thread 7" [_thread_blocked, id=16380, stack(0x0000000833d00000,0x0000000833e00000)]
  0x00000184072ba000 JavaThread "Cache worker for execution history cache (D:\Grupal\PuertaCovid\.gradle\6.7.1\executionHistory)" [_thread_blocked, id=9420, stack(0x0000000833e00000,0x0000000833f00000)]
  0x00000184072b7800 JavaThread "Cache worker for Java compile cache (D:\Grupal\PuertaCovid\.gradle\6.7.1\javaCompile)" [_thread_blocked, id=15332, stack(0x0000000833f00000,0x0000000834000000)]
  0x000001847c20c000 JavaThread "C2 CompilerThread1" daemon [_thread_in_native, id=16016, stack(0x000000082ba00000,0x000000082bb00000)]
=>0x00000184053b8800 JavaThread "C2 CompilerThread2" daemon [_thread_in_native, id=8152, stack(0x000000082c100000,0x000000082c200000)]

Other Threads:
  0x000001847bf0a800 VMThread "VM Thread" [stack: 0x0000000829e00000,0x0000000829f00000] [id=25908]
  0x000001847c0de000 WatcherThread [stack: 0x000000082a800000,0x000000082a900000] [id=25904]
  0x0000018460bf2000 GCTaskThread "GC Thread#0" [stack: 0x0000000829900000,0x0000000829a00000] [id=15472]
  0x000001847c890000 GCTaskThread "GC Thread#1" [stack: 0x000000082aa00000,0x000000082ab00000] [id=1672]
  0x000001847c890800 GCTaskThread "GC Thread#2" [stack: 0x000000082ab00000,0x000000082ac00000] [id=12444]
  0x000001847cbd5000 GCTaskThread "GC Thread#3" [stack: 0x000000082ac00000,0x000000082ad00000] [id=328]
  0x000001847cbd6000 GCTaskThread "GC Thread#4" [stack: 0x000000082ad00000,0x000000082ae00000] [id=23844]
  0x000001847c9d3000 GCTaskThread "GC Thread#5" [stack: 0x000000082ae00000,0x000000082af00000] [id=18280]
  0x000001847e6a0800 GCTaskThread "GC Thread#6" [stack: 0x000000082af00000,0x000000082b000000] [id=12932]
  0x000001847c66a800 GCTaskThread "GC Thread#7" [stack: 0x000000082be00000,0x000000082bf00000] [id=25444]
  0x0000018460c24000 ConcurrentGCThread "G1 Main Marker" [stack: 0x0000000829a00000,0x0000000829b00000] [id=25048]
  0x0000018460c26800 ConcurrentGCThread "G1 Conc#0" [stack: 0x0000000829b00000,0x0000000829c00000] [id=13544]
  0x000001847d179800 ConcurrentGCThread "G1 Conc#1" [stack: 0x000000082bf00000,0x000000082c000000] [id=22072]
  0x000001847b554800 ConcurrentGCThread "G1 Refine#0" [stack: 0x0000000829c00000,0x0000000829d00000] [id=21848]
  0x0000018402d93800 ConcurrentGCThread "G1 Refine#1" [stack: 0x0000000833600000,0x0000000833700000] [id=2952]
  0x00000184033a6800 ConcurrentGCThread "G1 Refine#2" [stack: 0x0000000833700000,0x0000000833800000] [id=20336]
  0x0000018403457800 ConcurrentGCThread "G1 Refine#3" [stack: 0x0000000833800000,0x0000000833900000] [id=24456]
  0x0000018403516000 ConcurrentGCThread "G1 Refine#4" [stack: 0x0000000833900000,0x0000000833a00000] [id=24684]
  0x000001847b557800 ConcurrentGCThread "G1 Young RemSet Sampling" [stack: 0x0000000829d00000,0x0000000829e00000] [id=12220]

Threads with active compile tasks:
C2 CompilerThread1 149501 17247       4       com.sun.tools.javac.comp.Resolve::rawInstantiate (508 bytes)
C2 CompilerThread2 149501 17093       4       com.sun.tools.javac.comp.Resolve::findMethod (428 bytes)

VM state:not at safepoint (normal execution)

VM Mutex/Monitor currently owned by a thread: None

Heap address: 0x0000000080000000, size: 2048 MB, Compressed Oops mode: 32-bit
Narrow klass base: 0x0000000000000000, Narrow klass shift: 3
Compressed class space size: 1073741824 Address: 0x0000000100000000

Heap:
 garbage-first heap   total 260096K, used 199418K [0x0000000080000000, 0x0000000100000000)
  region size 1024K, 43 young (44032K), 4 survivors (4096K)
 Metaspace       used 118856K, capacity 122137K, committed 122240K, reserved 1155072K
  class space    used 14813K, capacity 15935K, committed 16000K, reserved 1048576K
Heap Regions: E=young(eden), S=young(survivor), O=old, HS=humongous(starts), HC=humongous(continues), CS=collection set, F=free, A=archive, TAMS=top-at-mark-start (previous, next)
|   0|0x0000000080000000, 0x0000000080100000, 0x0000000080100000|100%| O|  |TAMS 0x0000000080100000, 0x0000000080000000| Untracked 
|   1|0x0000000080100000, 0x0000000080200000, 0x0000000080200000|100%| O|  |TAMS 0x0000000080200000, 0x0000000080100000| Untracked 
|   2|0x0000000080200000, 0x0000000080300000, 0x0000000080300000|100%| O|  |TAMS 0x0000000080300000, 0x0000000080200000| Untracked 
|   3|0x0000000080300000, 0x0000000080400000, 0x0000000080400000|100%|HS|  |TAMS 0x0000000080400000, 0x0000000080300000| Complete 
|   4|0x0000000080400000, 0x0000000080500000, 0x0000000080500000|100%|HC|  |TAMS 0x0000000080500000, 0x0000000080400000| Complete 
|   5|0x0000000080500000, 0x0000000080600000, 0x0000000080600000|100%|HC|  |TAMS 0x0000000080600000, 0x0000000080500000| Complete 
|   6|0x0000000080600000, 0x0000000080700000, 0x0000000080700000|100%| O|  |TAMS 0x0000000080700000, 0x0000000080600000| Untracked 
|   7|0x0000000080700000, 0x0000000080800000, 0x0000000080800000|100%| O|  |TAMS 0x0000000080800000, 0x0000000080700000| Untracked 
|   8|0x0000000080800000, 0x0000000080900000, 0x0000000080900000|100%| O|  |TAMS 0x0000000080900000, 0x0000000080800000| Untracked 
|   9|0x0000000080900000, 0x0000000080a00000, 0x0000000080a00000|100%| O|  |TAMS 0x0000000080a00000, 0x0000000080900000| Untracked 
|  10|0x0000000080a00000, 0x0000000080b00000, 0x0000000080b00000|100%| O|  |TAMS 0x0000000080b00000, 0x0000000080a00000| Untracked 
|  11|0x0000000080b00000, 0x0000000080c00000, 0x0000000080c00000|100%| O|  |TAMS 0x0000000080c00000, 0x0000000080b00000| Untracked 
|  12|0x0000000080c00000, 0x0000000080d00000, 0x0000000080d00000|100%| O|  |TAMS 0x0000000080d00000, 0x0000000080c00000| Untracked 
|  13|0x0000000080d00000, 0x0000000080e00000, 0x0000000080e00000|100%| O|  |TAMS 0x0000000080e00000, 0x0000000080d00000| Untracked 
|  14|0x0000000080e00000, 0x0000000080f00000, 0x0000000080f00000|100%| O|  |TAMS 0x0000000080f00000, 0x0000000080e00000| Untracked 
|  15|0x0000000080f00000, 0x0000000081000000, 0x0000000081000000|100%| O|  |TAMS 0x0000000081000000, 0x0000000080f00000| Untracked 
|  16|0x0000000081000000, 0x0000000081100000, 0x0000000081100000|100%|HS|  |TAMS 0x0000000081100000, 0x0000000081000000| Complete 
|  17|0x0000000081100000, 0x0000000081200000, 0x0000000081200000|100%|HS|  |TAMS 0x0000000081200000, 0x0000000081100000| Complete 
|  18|0x0000000081200000, 0x0000000081300000, 0x0000000081300000|100%|HC|  |TAMS 0x0000000081300000, 0x0000000081200000| Complete 
|  19|0x0000000081300000, 0x0000000081400000, 0x0000000081400000|100%| O|  |TAMS 0x0000000081400000, 0x0000000081300000| Untracked 
|  20|0x0000000081400000, 0x0000000081500000, 0x0000000081500000|100%| O|  |TAMS 0x0000000081500000, 0x0000000081400000| Untracked 
|  21|0x0000000081500000, 0x0000000081600000, 0x0000000081600000|100%| O|  |TAMS 0x0000000081600000, 0x0000000081500000| Untracked 
|  22|0x0000000081600000, 0x0000000081700000, 0x0000000081700000|100%| O|  |TAMS 0x0000000081700000, 0x0000000081600000| Untracked 
|  23|0x0000000081700000, 0x0000000081800000, 0x0000000081800000|100%| O|  |TAMS 0x0000000081800000, 0x0000000081700000| Untracked 
|  24|0x0000000081800000, 0x0000000081900000, 0x0000000081900000|100%| O|  |TAMS 0x0000000081900000, 0x0000000081800000| Untracked 
|  25|0x0000000081900000, 0x0000000081a00000, 0x0000000081a00000|100%| O|  |TAMS 0x0000000081a00000, 0x0000000081900000| Untracked 
|  26|0x0000000081a00000, 0x0000000081b00000, 0x0000000081b00000|100%| O|  |TAMS 0x0000000081b00000, 0x0000000081a00000| Untracked 
|  27|0x0000000081b00000, 0x0000000081c00000, 0x0000000081c00000|100%| O|  |TAMS 0x0000000081c00000, 0x0000000081b00000| Untracked 
|  28|0x0000000081c00000, 0x0000000081d00000, 0x0000000081d00000|100%| O|  |TAMS 0x0000000081d00000, 0x0000000081c00000| Untracked 
|  29|0x0000000081d00000, 0x0000000081e00000, 0x0000000081e00000|100%| O|  |TAMS 0x0000000081e00000, 0x0000000081d00000| Untracked 
|  30|0x0000000081e00000, 0x0000000081f00000, 0x0000000081f00000|100%| O|  |TAMS 0x0000000081f00000, 0x0000000081e00000| Untracked 
|  31|0x0000000081f00000, 0x0000000082000000, 0x0000000082000000|100%| O|  |TAMS 0x0000000082000000, 0x0000000081f00000| Untracked 
|  32|0x0000000082000000, 0x0000000082100000, 0x0000000082100000|100%| O|  |TAMS 0x0000000082100000, 0x0000000082000000| Untracked 
|  33|0x0000000082100000, 0x0000000082200000, 0x0000000082200000|100%| O|  |TAMS 0x0000000082200000, 0x0000000082100000| Untracked 
|  34|0x0000000082200000, 0x0000000082300000, 0x0000000082300000|100%| O|  |TAMS 0x0000000082300000, 0x0000000082200000| Untracked 
|  35|0x0000000082300000, 0x0000000082400000, 0x0000000082400000|100%| O|  |TAMS 0x0000000082400000, 0x0000000082300000| Untracked 
|  36|0x0000000082400000, 0x0000000082500000, 0x0000000082500000|100%| O|  |TAMS 0x0000000082500000, 0x0000000082400000| Untracked 
|  37|0x0000000082500000, 0x0000000082600000, 0x0000000082600000|100%| O|  |TAMS 0x0000000082600000, 0x0000000082500000| Untracked 
|  38|0x0000000082600000, 0x0000000082700000, 0x0000000082700000|100%| O|  |TAMS 0x0000000082700000, 0x0000000082600000| Untracked 
|  39|0x0000000082700000, 0x0000000082800000, 0x0000000082800000|100%| O|  |TAMS 0x0000000082800000, 0x0000000082700000| Untracked 
|  40|0x0000000082800000, 0x0000000082900000, 0x0000000082900000|100%| O|  |TAMS 0x0000000082900000, 0x0000000082800000| Untracked 
|  41|0x0000000082900000, 0x0000000082a00000, 0x0000000082a00000|100%| O|  |TAMS 0x0000000082a00000, 0x0000000082900000| Untracked 
|  42|0x0000000082a00000, 0x0000000082a00000, 0x0000000082b00000|  0%| F|  |TAMS 0x0000000082a00000, 0x0000000082a00000| Untracked 
|  43|0x0000000082b00000, 0x0000000082c00000, 0x0000000082c00000|100%| O|  |TAMS 0x0000000082c00000, 0x0000000082b00000| Untracked 
|  44|0x0000000082c00000, 0x0000000082d00000, 0x0000000082d00000|100%| O|  |TAMS 0x0000000082d00000, 0x0000000082c00000| Untracked 
|  45|0x0000000082d00000, 0x0000000082e00000, 0x0000000082e00000|100%| O|  |TAMS 0x0000000082e00000, 0x0000000082d00000| Untracked 
|  46|0x0000000082e00000, 0x0000000082f00000, 0x0000000082f00000|100%| O|  |TAMS 0x0000000082f00000, 0x0000000082e00000| Untracked 
|  47|0x0000000082f00000, 0x0000000083000000, 0x0000000083000000|100%| O|  |TAMS 0x0000000083000000, 0x0000000082f00000| Untracked 
|  48|0x0000000083000000, 0x0000000083100000, 0x0000000083100000|100%| O|  |TAMS 0x0000000083100000, 0x0000000083000000| Untracked 
|  49|0x0000000083100000, 0x0000000083200000, 0x0000000083200000|100%| O|  |TAMS 0x0000000083200000, 0x0000000083100000| Untracked 
|  50|0x0000000083200000, 0x0000000083300000, 0x0000000083300000|100%| O|  |TAMS 0x0000000083300000, 0x0000000083200000| Untracked 
|  51|0x0000000083300000, 0x0000000083400000, 0x0000000083400000|100%| O|  |TAMS 0x0000000083400000, 0x0000000083300000| Untracked 
|  52|0x0000000083400000, 0x0000000083500000, 0x0000000083500000|100%| O|  |TAMS 0x0000000083500000, 0x0000000083400000| Untracked 
|  53|0x0000000083500000, 0x0000000083600000, 0x0000000083600000|100%| O|  |TAMS 0x0000000083600000, 0x0000000083500000| Untracked 
|  54|0x0000000083600000, 0x0000000083700000, 0x0000000083700000|100%| O|  |TAMS 0x0000000083700000, 0x0000000083600000| Untracked 
|  55|0x0000000083700000, 0x0000000083800000, 0x0000000083800000|100%| O|  |TAMS 0x0000000083800000, 0x0000000083700000| Untracked 
|  56|0x0000000083800000, 0x0000000083800000, 0x0000000083900000|  0%| F|  |TAMS 0x0000000083800000, 0x0000000083800000| Untracked 
|  57|0x0000000083900000, 0x0000000083a00000, 0x0000000083a00000|100%| O|  |TAMS 0x0000000083a00000, 0x0000000083900000| Untracked 
|  58|0x0000000083a00000, 0x0000000083b00000, 0x0000000083b00000|100%| O|  |TAMS 0x0000000083b00000, 0x0000000083a00000| Untracked 
|  59|0x0000000083b00000, 0x0000000083c00000, 0x0000000083c00000|100%| O|  |TAMS 0x0000000083c00000, 0x0000000083b00000| Untracked 
|  60|0x0000000083c00000, 0x0000000083d00000, 0x0000000083d00000|100%| O|  |TAMS 0x0000000083d00000, 0x0000000083c00000| Untracked 
|  61|0x0000000083d00000, 0x0000000083e00000, 0x0000000083e00000|100%| O|  |TAMS 0x0000000083e00000, 0x0000000083d00000| Untracked 
|  62|0x0000000083e00000, 0x0000000083f00000, 0x0000000083f00000|100%| O|  |TAMS 0x0000000083f00000, 0x0000000083e00000| Untracked 
|  63|0x0000000083f00000, 0x0000000084000000, 0x0000000084000000|100%| O|  |TAMS 0x0000000084000000, 0x0000000083f00000| Untracked 
|  64|0x0000000084000000, 0x0000000084100000, 0x0000000084100000|100%| O|  |TAMS 0x0000000084100000, 0x0000000084000000| Untracked 
|  65|0x0000000084100000, 0x0000000084200000, 0x0000000084200000|100%| O|  |TAMS 0x0000000084200000, 0x0000000084100000| Untracked 
|  66|0x0000000084200000, 0x0000000084300000, 0x0000000084300000|100%| O|  |TAMS 0x0000000084300000, 0x0000000084200000| Untracked 
|  67|0x0000000084300000, 0x0000000084400000, 0x0000000084400000|100%| O|  |TAMS 0x0000000084400000, 0x0000000084300000| Untracked 
|  68|0x0000000084400000, 0x0000000084500000, 0x0000000084500000|100%| O|  |TAMS 0x0000000084500000, 0x0000000084400000| Untracked 
|  69|0x0000000084500000, 0x0000000084600000, 0x0000000084600000|100%| O|  |TAMS 0x0000000084600000, 0x0000000084500000| Untracked 
|  70|0x0000000084600000, 0x0000000084700000, 0x0000000084700000|100%| O|  |TAMS 0x0000000084700000, 0x0000000084600000| Untracked 
|  71|0x0000000084700000, 0x0000000084800000, 0x0000000084800000|100%| O|  |TAMS 0x0000000084800000, 0x0000000084700000| Untracked 
|  72|0x0000000084800000, 0x0000000084900000, 0x0000000084900000|100%| O|  |TAMS 0x0000000084900000, 0x0000000084800000| Untracked 
|  73|0x0000000084900000, 0x0000000084a00000, 0x0000000084a00000|100%| O|  |TAMS 0x0000000084a00000, 0x0000000084900000| Untracked 
|  74|0x0000000084a00000, 0x0000000084a00000, 0x0000000084b00000|  0%| F|  |TAMS 0x0000000084a00000, 0x0000000084a00000| Untracked 
|  75|0x0000000084b00000, 0x0000000084c00000, 0x0000000084c00000|100%| O|  |TAMS 0x0000000084c00000, 0x0000000084b00000| Untracked 
|  76|0x0000000084c00000, 0x0000000084d00000, 0x0000000084d00000|100%| O|  |TAMS 0x0000000084d00000, 0x0000000084c00000| Untracked 
|  77|0x0000000084d00000, 0x0000000084d00000, 0x0000000084e00000|  0%| F|  |TAMS 0x0000000084d00000, 0x0000000084d00000| Untracked 
|  78|0x0000000084e00000, 0x0000000084f00000, 0x0000000084f00000|100%| O|  |TAMS 0x0000000084f00000, 0x0000000084e00000| Untracked 
|  79|0x0000000084f00000, 0x0000000085000000, 0x0000000085000000|100%| O|  |TAMS 0x0000000085000000, 0x0000000084f00000| Untracked 
|  80|0x0000000085000000, 0x0000000085100000, 0x0000000085100000|100%| O|  |TAMS 0x0000000085100000, 0x0000000085000000| Untracked 
|  81|0x0000000085100000, 0x0000000085200000, 0x0000000085200000|100%| O|  |TAMS 0x0000000085200000, 0x0000000085100000| Untracked 
|  82|0x0000000085200000, 0x0000000085300000, 0x0000000085300000|100%| O|  |TAMS 0x0000000085300000, 0x0000000085200000| Untracked 
|  83|0x0000000085300000, 0x0000000085400000, 0x0000000085400000|100%| O|  |TAMS 0x0000000085400000, 0x0000000085300000| Untracked 
|  84|0x0000000085400000, 0x0000000085500000, 0x0000000085500000|100%| O|  |TAMS 0x0000000085500000, 0x0000000085400000| Untracked 
|  85|0x0000000085500000, 0x0000000085600000, 0x0000000085600000|100%| O|  |TAMS 0x0000000085600000, 0x0000000085500000| Untracked 
|  86|0x0000000085600000, 0x0000000085700000, 0x0000000085700000|100%| O|  |TAMS 0x0000000085700000, 0x0000000085600000| Untracked 
|  87|0x0000000085700000, 0x0000000085700000, 0x0000000085800000|  0%| F|  |TAMS 0x0000000085700000, 0x0000000085700000| Untracked 
|  88|0x0000000085800000, 0x0000000085900000, 0x0000000085900000|100%| O|  |TAMS 0x0000000085900000, 0x0000000085800000| Untracked 
|  89|0x0000000085900000, 0x0000000085a00000, 0x0000000085a00000|100%| O|  |TAMS 0x0000000085a00000, 0x0000000085900000| Untracked 
|  90|0x0000000085a00000, 0x0000000085b00000, 0x0000000085b00000|100%| O|  |TAMS 0x0000000085b00000, 0x0000000085a00000| Untracked 
|  91|0x0000000085b00000, 0x0000000085c00000, 0x0000000085c00000|100%| O|  |TAMS 0x0000000085c00000, 0x0000000085b00000| Untracked 
|  92|0x0000000085c00000, 0x0000000085c00000, 0x0000000085d00000|  0%| F|  |TAMS 0x0000000085c00000, 0x0000000085c00000| Untracked 
|  93|0x0000000085d00000, 0x0000000085d00000, 0x0000000085e00000|  0%| F|  |TAMS 0x0000000085d00000, 0x0000000085d00000| Untracked 
|  94|0x0000000085e00000, 0x0000000085e00000, 0x0000000085f00000|  0%| F|  |TAMS 0x0000000085e00000, 0x0000000085e00000| Untracked 
|  95|0x0000000085f00000, 0x0000000085f00000, 0x0000000086000000|  0%| F|  |TAMS 0x0000000085f00000, 0x0000000085f00000| Untracked 
|  96|0x0000000086000000, 0x0000000086000000, 0x0000000086100000|  0%| F|  |TAMS 0x0000000086000000, 0x0000000086000000| Untracked 
|  97|0x0000000086100000, 0x0000000086200000, 0x0000000086200000|100%|HS|  |TAMS 0x0000000086200000, 0x0000000086100000| Complete 
|  98|0x0000000086200000, 0x0000000086300000, 0x0000000086300000|100%|HC|  |TAMS 0x0000000086300000, 0x0000000086200000| Complete 
|  99|0x0000000086300000, 0x0000000086400000, 0x0000000086400000|100%|HS|  |TAMS 0x0000000086400000, 0x0000000086300000| Complete 
| 100|0x0000000086400000, 0x0000000086500000, 0x0000000086500000|100%|HC|  |TAMS 0x0000000086500000, 0x0000000086400000| Complete 
| 101|0x0000000086500000, 0x0000000086600000, 0x0000000086600000|100%|HC|  |TAMS 0x0000000086600000, 0x0000000086500000| Complete 
| 102|0x0000000086600000, 0x0000000086700000, 0x0000000086700000|100%|HS|  |TAMS 0x0000000086700000, 0x0000000086600000| Complete 
| 103|0x0000000086700000, 0x0000000086800000, 0x0000000086800000|100%|HC|  |TAMS 0x0000000086800000, 0x0000000086700000| Complete 
| 104|0x0000000086800000, 0x0000000086900000, 0x0000000086900000|100%|HC|  |TAMS 0x0000000086900000, 0x0000000086800000| Complete 
| 105|0x0000000086900000, 0x0000000086a00000, 0x0000000086a00000|100%|HC|  |TAMS 0x0000000086a00000, 0x0000000086900000| Complete 
| 106|0x0000000086a00000, 0x0000000086b00000, 0x0000000086b00000|100%|HS|  |TAMS 0x0000000086b00000, 0x0000000086a00000| Complete 
| 107|0x0000000086b00000, 0x0000000086c00000, 0x0000000086c00000|100%|HC|  |TAMS 0x0000000086c00000, 0x0000000086b00000| Complete 
| 108|0x0000000086c00000, 0x0000000086d00000, 0x0000000086d00000|100%|HC|  |TAMS 0x0000000086d00000, 0x0000000086c00000| Complete 
| 109|0x0000000086d00000, 0x0000000086e00000, 0x0000000086e00000|100%|HC|  |TAMS 0x0000000086e00000, 0x0000000086d00000| Complete 
| 110|0x0000000086e00000, 0x0000000086f00000, 0x0000000086f00000|100%| O|  |TAMS 0x0000000086f00000, 0x0000000086e00000| Untracked 
| 111|0x0000000086f00000, 0x0000000087000000, 0x0000000087000000|100%| O|  |TAMS 0x0000000086f00000, 0x0000000086f00000| Untracked 
| 112|0x0000000087000000, 0x0000000087100000, 0x0000000087100000|100%| O|  |TAMS 0x0000000087100000, 0x0000000087000000| Untracked 
| 113|0x0000000087100000, 0x0000000087200000, 0x0000000087200000|100%| O|  |TAMS 0x0000000087100000, 0x0000000087100000| Untracked 
| 114|0x0000000087200000, 0x0000000087200000, 0x0000000087300000|  0%| F|  |TAMS 0x0000000087200000, 0x0000000087200000| Untracked 
| 115|0x0000000087300000, 0x0000000087300000, 0x0000000087400000|  0%| F|  |TAMS 0x0000000087300000, 0x0000000087300000| Untracked 
| 116|0x0000000087400000, 0x0000000087500000, 0x0000000087500000|100%| O|  |TAMS 0x0000000087400000, 0x0000000087400000| Untracked 
| 117|0x0000000087500000, 0x0000000087500000, 0x0000000087600000|  0%| F|  |TAMS 0x0000000087500000, 0x0000000087500000| Untracked 
| 118|0x0000000087600000, 0x0000000087700000, 0x0000000087700000|100%| O|  |TAMS 0x0000000087700000, 0x0000000087600000| Untracked 
| 119|0x0000000087700000, 0x0000000087800000, 0x0000000087800000|100%| O|  |TAMS 0x0000000087800000, 0x0000000087700000| Untracked 
| 120|0x0000000087800000, 0x0000000087800000, 0x0000000087900000|  0%| F|  |TAMS 0x0000000087800000, 0x0000000087800000| Untracked 
| 121|0x0000000087900000, 0x0000000087a00000, 0x0000000087a00000|100%| O|  |TAMS 0x0000000087a00000, 0x0000000087900000| Untracked 
| 122|0x0000000087a00000, 0x0000000087a00000, 0x0000000087b00000|  0%| F|  |TAMS 0x0000000087a00000, 0x0000000087a00000| Untracked 
| 123|0x0000000087b00000, 0x0000000087b00000, 0x0000000087c00000|  0%| F|  |TAMS 0x0000000087b00000, 0x0000000087b00000| Untracked 
| 124|0x0000000087c00000, 0x0000000087c00000, 0x0000000087d00000|  0%| F|  |TAMS 0x0000000087c00000, 0x0000000087c00000| Untracked 
| 125|0x0000000087d00000, 0x0000000087d00000, 0x0000000087e00000|  0%| F|  |TAMS 0x0000000087d00000, 0x0000000087d00000| Untracked 
| 126|0x0000000087e00000, 0x0000000087f00000, 0x0000000087f00000|100%| O|  |TAMS 0x0000000087f00000, 0x0000000087e00000| Untracked 
| 127|0x0000000087f00000, 0x0000000088000000, 0x0000000088000000|100%| O|  |TAMS 0x0000000088000000, 0x0000000087f00000| Untracked 
| 128|0x0000000088000000, 0x0000000088100000, 0x0000000088100000|100%|HS|  |TAMS 0x0000000088100000, 0x0000000088000000| Complete 
| 129|0x0000000088100000, 0x0000000088200000, 0x0000000088200000|100%|HC|  |TAMS 0x0000000088200000, 0x0000000088100000| Complete 
| 130|0x0000000088200000, 0x0000000088300000, 0x0000000088300000|100%|HC|  |TAMS 0x0000000088300000, 0x0000000088200000| Complete 
| 131|0x0000000088300000, 0x0000000088400000, 0x0000000088400000|100%| O|  |TAMS 0x0000000088400000, 0x0000000088300000| Untracked 
| 132|0x0000000088400000, 0x0000000088500000, 0x0000000088500000|100%| O|  |TAMS 0x0000000088500000, 0x0000000088400000| Untracked 
| 133|0x0000000088500000, 0x0000000088600000, 0x0000000088600000|100%| O|  |TAMS 0x0000000088600000, 0x0000000088500000| Untracked 
| 134|0x0000000088600000, 0x0000000088600000, 0x0000000088700000|  0%| F|  |TAMS 0x0000000088600000, 0x0000000088600000| Untracked 
| 135|0x0000000088700000, 0x0000000088700000, 0x0000000088800000|  0%| F|  |TAMS 0x0000000088700000, 0x0000000088700000| Untracked 
| 136|0x0000000088800000, 0x0000000088800000, 0x0000000088900000|  0%| F|  |TAMS 0x0000000088800000, 0x0000000088800000| Untracked 
| 137|0x0000000088900000, 0x0000000088a00000, 0x0000000088a00000|100%| O|  |TAMS 0x0000000088a00000, 0x0000000088900000| Untracked 
| 138|0x0000000088a00000, 0x0000000088b00000, 0x0000000088b00000|100%| O|  |TAMS 0x0000000088b00000, 0x0000000088a00000| Untracked 
| 139|0x0000000088b00000, 0x0000000088c00000, 0x0000000088c00000|100%| O|  |TAMS 0x0000000088c00000, 0x0000000088b00000| Untracked 
| 140|0x0000000088c00000, 0x0000000088d00000, 0x0000000088d00000|100%| O|  |TAMS 0x0000000088d00000, 0x0000000088c00000| Untracked 
| 141|0x0000000088d00000, 0x0000000088e00000, 0x0000000088e00000|100%| O|  |TAMS 0x0000000088e00000, 0x0000000088d00000| Untracked 
| 142|0x0000000088e00000, 0x0000000088f00000, 0x0000000088f00000|100%| O|  |TAMS 0x0000000088f00000, 0x0000000088e00000| Untracked 
| 143|0x0000000088f00000, 0x0000000089000000, 0x0000000089000000|100%| O|  |TAMS 0x0000000089000000, 0x0000000088f00000| Untracked 
| 144|0x0000000089000000, 0x0000000089100000, 0x0000000089100000|100%| O|  |TAMS 0x0000000089100000, 0x0000000089000000| Untracked 
| 145|0x0000000089100000, 0x0000000089200000, 0x0000000089200000|100%| O|  |TAMS 0x00000000891efc00, 0x0000000089100000| Untracked 
| 146|0x0000000089200000, 0x0000000089300000, 0x0000000089300000|100%|HS|  |TAMS 0x0000000089200000, 0x0000000089200000| Complete 
| 147|0x0000000089300000, 0x0000000089400000, 0x0000000089400000|100%|HC|  |TAMS 0x0000000089300000, 0x0000000089300000| Complete 
| 148|0x0000000089400000, 0x0000000089500000, 0x0000000089500000|100%| O|  |TAMS 0x0000000089400000, 0x0000000089400000| Untracked 
| 149|0x0000000089500000, 0x0000000089600000, 0x0000000089600000|100%| O|  |TAMS 0x0000000089500000, 0x0000000089500000| Untracked 
| 150|0x0000000089600000, 0x0000000089700000, 0x0000000089700000|100%| O|  |TAMS 0x0000000089600000, 0x0000000089600000| Untracked 
| 151|0x0000000089700000, 0x0000000089800000, 0x0000000089800000|100%| O|  |TAMS 0x0000000089700000, 0x0000000089700000| Untracked 
| 152|0x0000000089800000, 0x0000000089900000, 0x0000000089900000|100%| O|  |TAMS 0x0000000089800000, 0x0000000089800000| Untracked 
| 153|0x0000000089900000, 0x0000000089a00000, 0x0000000089a00000|100%| O|  |TAMS 0x0000000089900000, 0x0000000089900000| Untracked 
| 154|0x0000000089a00000, 0x0000000089b00000, 0x0000000089b00000|100%| O|  |TAMS 0x0000000089a00000, 0x0000000089a00000| Untracked 
| 155|0x0000000089b00000, 0x0000000089c00000, 0x0000000089c00000|100%| O|  |TAMS 0x0000000089b00000, 0x0000000089b00000| Untracked 
| 156|0x0000000089c00000, 0x0000000089d00000, 0x0000000089d00000|100%| O|  |TAMS 0x0000000089c00000, 0x0000000089c00000| Untracked 
| 157|0x0000000089d00000, 0x0000000089e00000, 0x0000000089e00000|100%| O|  |TAMS 0x0000000089d00000, 0x0000000089d00000| Untracked 
| 158|0x0000000089e00000, 0x0000000089f00000, 0x0000000089f00000|100%| O|  |TAMS 0x0000000089e00000, 0x0000000089e00000| Untracked 
| 159|0x0000000089f00000, 0x000000008a000000, 0x000000008a000000|100%| O|  |TAMS 0x0000000089f00000, 0x0000000089f00000| Untracked 
| 160|0x000000008a000000, 0x000000008a100000, 0x000000008a100000|100%| O|  |TAMS 0x000000008a000000, 0x000000008a000000| Untracked 
| 161|0x000000008a100000, 0x000000008a200000, 0x000000008a200000|100%| O|  |TAMS 0x000000008a100000, 0x000000008a100000| Untracked 
| 162|0x000000008a200000, 0x000000008a300000, 0x000000008a300000|100%| O|  |TAMS 0x000000008a200000, 0x000000008a200000| Untracked 
| 163|0x000000008a300000, 0x000000008a400000, 0x000000008a400000|100%| O|  |TAMS 0x000000008a300000, 0x000000008a300000| Untracked 
| 164|0x000000008a400000, 0x000000008a500000, 0x000000008a500000|100%| O|  |TAMS 0x000000008a400000, 0x000000008a400000| Untracked 
| 165|0x000000008a500000, 0x000000008a600000, 0x000000008a600000|100%| O|  |TAMS 0x000000008a500000, 0x000000008a500000| Untracked 
| 166|0x000000008a600000, 0x000000008a700000, 0x000000008a700000|100%| O|  |TAMS 0x000000008a600000, 0x000000008a600000| Untracked 
| 167|0x000000008a700000, 0x000000008a800000, 0x000000008a800000|100%| O|  |TAMS 0x000000008a700000, 0x000000008a700000| Untracked 
| 168|0x000000008a800000, 0x000000008a900000, 0x000000008a900000|100%| O|  |TAMS 0x000000008a800000, 0x000000008a800000| Untracked 
| 169|0x000000008a900000, 0x000000008aa00000, 0x000000008aa00000|100%| O|  |TAMS 0x000000008a900000, 0x000000008a900000| Untracked 
| 170|0x000000008aa00000, 0x000000008ab00000, 0x000000008ab00000|100%| O|  |TAMS 0x000000008aa00000, 0x000000008aa00000| Untracked 
| 171|0x000000008ab00000, 0x000000008ac00000, 0x000000008ac00000|100%| O|  |TAMS 0x000000008ab00000, 0x000000008ab00000| Untracked 
| 172|0x000000008ac00000, 0x000000008ad00000, 0x000000008ad00000|100%| O|  |TAMS 0x000000008ac00000, 0x000000008ac00000| Untracked 
| 173|0x000000008ad00000, 0x000000008ae00000, 0x000000008ae00000|100%| O|  |TAMS 0x000000008ad00000, 0x000000008ad00000| Untracked 
| 174|0x000000008ae00000, 0x000000008ae8d000, 0x000000008af00000| 55%| O|  |TAMS 0x000000008ae00000, 0x000000008ae00000| Untracked 
| 175|0x000000008af00000, 0x000000008af00000, 0x000000008b000000|  0%| F|  |TAMS 0x000000008af00000, 0x000000008af00000| Untracked 
| 176|0x000000008b000000, 0x000000008b000000, 0x000000008b100000|  0%| F|  |TAMS 0x000000008b000000, 0x000000008b000000| Untracked 
| 177|0x000000008b100000, 0x000000008b100000, 0x000000008b200000|  0%| F|  |TAMS 0x000000008b100000, 0x000000008b100000| Untracked 
| 178|0x000000008b200000, 0x000000008b200000, 0x000000008b300000|  0%| F|  |TAMS 0x000000008b200000, 0x000000008b200000| Untracked 
| 179|0x000000008b300000, 0x000000008b300000, 0x000000008b400000|  0%| F|  |TAMS 0x000000008b300000, 0x000000008b300000| Untracked 
| 180|0x000000008b400000, 0x000000008b400000, 0x000000008b500000|  0%| F|  |TAMS 0x000000008b400000, 0x000000008b400000| Untracked 
| 181|0x000000008b500000, 0x000000008b500000, 0x000000008b600000|  0%| F|  |TAMS 0x000000008b500000, 0x000000008b500000| Untracked 
| 182|0x000000008b600000, 0x000000008b600000, 0x000000008b700000|  0%| F|  |TAMS 0x000000008b600000, 0x000000008b600000| Untracked 
| 183|0x000000008b700000, 0x000000008b700000, 0x000000008b800000|  0%| F|  |TAMS 0x000000008b700000, 0x000000008b700000| Untracked 
| 184|0x000000008b800000, 0x000000008b800000, 0x000000008b900000|  0%| F|  |TAMS 0x000000008b800000, 0x000000008b800000| Untracked 
| 185|0x000000008b900000, 0x000000008b900000, 0x000000008ba00000|  0%| F|  |TAMS 0x000000008b900000, 0x000000008b900000| Untracked 
| 186|0x000000008ba00000, 0x000000008ba00000, 0x000000008bb00000|  0%| F|  |TAMS 0x000000008ba00000, 0x000000008ba00000| Untracked 
| 187|0x000000008bb00000, 0x000000008bb00000, 0x000000008bc00000|  0%| F|  |TAMS 0x000000008bb00000, 0x000000008bb00000| Untracked 
| 188|0x000000008bc00000, 0x000000008bc00000, 0x000000008bd00000|  0%| F|  |TAMS 0x000000008bc00000, 0x000000008bc00000| Untracked 
| 189|0x000000008bd00000, 0x000000008bd00000, 0x000000008be00000|  0%| F|  |TAMS 0x000000008bd00000, 0x000000008bd00000| Untracked 
| 190|0x000000008be00000, 0x000000008be00000, 0x000000008bf00000|  0%| F|  |TAMS 0x000000008be00000, 0x000000008be00000| Untracked 
| 191|0x000000008bf00000, 0x000000008bf00000, 0x000000008c000000|  0%| F|  |TAMS 0x000000008bf00000, 0x000000008bf00000| Untracked 
| 192|0x000000008c000000, 0x000000008c000000, 0x000000008c100000|  0%| F|  |TAMS 0x000000008c000000, 0x000000008c000000| Untracked 
| 193|0x000000008c100000, 0x000000008c100000, 0x000000008c200000|  0%| F|  |TAMS 0x000000008c100000, 0x000000008c100000| Untracked 
| 194|0x000000008c200000, 0x000000008c200000, 0x000000008c300000|  0%| F|  |TAMS 0x000000008c200000, 0x000000008c200000| Untracked 
| 195|0x000000008c300000, 0x000000008c300000, 0x000000008c400000|  0%| F|  |TAMS 0x000000008c300000, 0x000000008c300000| Untracked 
| 196|0x000000008c400000, 0x000000008c431b40, 0x000000008c500000| 19%| S|CS|TAMS 0x000000008c400000, 0x000000008c400000| Complete 
| 197|0x000000008c500000, 0x000000008c600000, 0x000000008c600000|100%| S|CS|TAMS 0x000000008c500000, 0x000000008c500000| Complete 
| 198|0x000000008c600000, 0x000000008c700000, 0x000000008c700000|100%| S|CS|TAMS 0x000000008c600000, 0x000000008c600000| Complete 
| 199|0x000000008c700000, 0x000000008c800000, 0x000000008c800000|100%| S|CS|TAMS 0x000000008c700000, 0x000000008c700000| Complete 
| 200|0x000000008c800000, 0x000000008c800000, 0x000000008c900000|  0%| F|  |TAMS 0x000000008c800000, 0x000000008c800000| Untracked 
| 201|0x000000008c900000, 0x000000008c900000, 0x000000008ca00000|  0%| F|  |TAMS 0x000000008c900000, 0x000000008c900000| Untracked 
| 202|0x000000008ca00000, 0x000000008ca00000, 0x000000008cb00000|  0%| F|  |TAMS 0x000000008ca00000, 0x000000008ca00000| Untracked 
| 203|0x000000008cb00000, 0x000000008cb00000, 0x000000008cc00000|  0%| F|  |TAMS 0x000000008cb00000, 0x000000008cb00000| Untracked 
| 204|0x000000008cc00000, 0x000000008cc00000, 0x000000008cd00000|  0%| F|  |TAMS 0x000000008cc00000, 0x000000008cc00000| Untracked 
| 205|0x000000008cd00000, 0x000000008cd00000, 0x000000008ce00000|  0%| F|  |TAMS 0x000000008cd00000, 0x000000008cd00000| Untracked 
| 206|0x000000008ce00000, 0x000000008ce00000, 0x000000008cf00000|  0%| F|  |TAMS 0x000000008ce00000, 0x000000008ce00000| Untracked 
| 207|0x000000008cf00000, 0x000000008cf00000, 0x000000008d000000|  0%| F|  |TAMS 0x000000008cf00000, 0x000000008cf00000| Untracked 
| 208|0x000000008d000000, 0x000000008d000000, 0x000000008d100000|  0%| F|  |TAMS 0x000000008d000000, 0x000000008d000000| Untracked 
| 209|0x000000008d100000, 0x000000008d100000, 0x000000008d200000|  0%| F|  |TAMS 0x000000008d100000, 0x000000008d100000| Untracked 
| 210|0x000000008d200000, 0x000000008d200000, 0x000000008d300000|  0%| F|  |TAMS 0x000000008d200000, 0x000000008d200000| Untracked 
| 211|0x000000008d300000, 0x000000008d300000, 0x000000008d400000|  0%| F|  |TAMS 0x000000008d300000, 0x000000008d300000| Untracked 
| 212|0x000000008d400000, 0x000000008d400000, 0x000000008d500000|  0%| F|  |TAMS 0x000000008d400000, 0x000000008d400000| Untracked 
| 213|0x000000008d500000, 0x000000008d500000, 0x000000008d600000|  0%| F|  |TAMS 0x000000008d500000, 0x000000008d500000| Untracked 
| 214|0x000000008d600000, 0x000000008d600000, 0x000000008d700000|  0%| F|  |TAMS 0x000000008d600000, 0x000000008d600000| Untracked 
| 215|0x000000008d700000, 0x000000008d780800, 0x000000008d800000| 50%| E|  |TAMS 0x000000008d700000, 0x000000008d700000| Complete 
| 216|0x000000008d800000, 0x000000008d900000, 0x000000008d900000|100%| E|CS|TAMS 0x000000008d800000, 0x000000008d800000| Complete 
| 217|0x000000008d900000, 0x000000008da00000, 0x000000008da00000|100%| E|CS|TAMS 0x000000008d900000, 0x000000008d900000| Complete 
| 218|0x000000008da00000, 0x000000008db00000, 0x000000008db00000|100%| E|CS|TAMS 0x000000008da00000, 0x000000008da00000| Complete 
| 219|0x000000008db00000, 0x000000008dc00000, 0x000000008dc00000|100%| E|CS|TAMS 0x000000008db00000, 0x000000008db00000| Complete 
| 220|0x000000008dc00000, 0x000000008dd00000, 0x000000008dd00000|100%| E|CS|TAMS 0x000000008dc00000, 0x000000008dc00000| Complete 
| 221|0x000000008dd00000, 0x000000008de00000, 0x000000008de00000|100%| E|CS|TAMS 0x000000008dd00000, 0x000000008dd00000| Complete 
| 222|0x000000008de00000, 0x000000008df00000, 0x000000008df00000|100%| E|CS|TAMS 0x000000008de00000, 0x000000008de00000| Complete 
| 223|0x000000008df00000, 0x000000008e000000, 0x000000008e000000|100%| E|CS|TAMS 0x000000008df00000, 0x000000008df00000| Complete 
| 224|0x000000008e000000, 0x000000008e100000, 0x000000008e100000|100%| E|CS|TAMS 0x000000008e000000, 0x000000008e000000| Complete 
| 225|0x000000008e100000, 0x000000008e200000, 0x000000008e200000|100%| E|CS|TAMS 0x000000008e100000, 0x000000008e100000| Complete 
| 226|0x000000008e200000, 0x000000008e300000, 0x000000008e300000|100%| E|CS|TAMS 0x000000008e200000, 0x000000008e200000| Complete 
| 227|0x000000008e300000, 0x000000008e400000, 0x000000008e400000|100%| E|CS|TAMS 0x000000008e300000, 0x000000008e300000| Complete 
| 228|0x000000008e400000, 0x000000008e500000, 0x000000008e500000|100%| E|CS|TAMS 0x000000008e400000, 0x000000008e400000| Complete 
| 229|0x000000008e500000, 0x000000008e600000, 0x000000008e600000|100%| E|CS|TAMS 0x000000008e500000, 0x000000008e500000| Complete 
| 230|0x000000008e600000, 0x000000008e700000, 0x000000008e700000|100%| E|CS|TAMS 0x000000008e600000, 0x000000008e600000| Complete 
| 231|0x000000008e700000, 0x000000008e800000, 0x000000008e800000|100%| E|CS|TAMS 0x000000008e700000, 0x000000008e700000| Complete 
| 232|0x000000008e800000, 0x000000008e900000, 0x000000008e900000|100%| E|CS|TAMS 0x000000008e800000, 0x000000008e800000| Complete 
| 233|0x000000008e900000, 0x000000008ea00000, 0x000000008ea00000|100%| E|CS|TAMS 0x000000008e900000, 0x000000008e900000| Complete 
| 234|0x000000008ea00000, 0x000000008eb00000, 0x000000008eb00000|100%| E|CS|TAMS 0x000000008ea00000, 0x000000008ea00000| Complete 
| 235|0x000000008eb00000, 0x000000008ec00000, 0x000000008ec00000|100%| E|CS|TAMS 0x000000008eb00000, 0x000000008eb00000| Complete 
| 236|0x000000008ec00000, 0x000000008ed00000, 0x000000008ed00000|100%| E|CS|TAMS 0x000000008ec00000, 0x000000008ec00000| Complete 
| 237|0x000000008ed00000, 0x000000008ee00000, 0x000000008ee00000|100%| E|CS|TAMS 0x000000008ed00000, 0x000000008ed00000| Complete 
| 238|0x000000008ee00000, 0x000000008ef00000, 0x000000008ef00000|100%| E|CS|TAMS 0x000000008ee00000, 0x000000008ee00000| Complete 
| 239|0x000000008ef00000, 0x000000008f000000, 0x000000008f000000|100%| E|CS|TAMS 0x000000008ef00000, 0x000000008ef00000| Complete 
| 240|0x000000008f000000, 0x000000008f100000, 0x000000008f100000|100%| E|CS|TAMS 0x000000008f000000, 0x000000008f000000| Complete 
| 241|0x000000008f100000, 0x000000008f200000, 0x000000008f200000|100%| E|CS|TAMS 0x000000008f100000, 0x000000008f100000| Complete 
| 242|0x000000008f200000, 0x000000008f300000, 0x000000008f300000|100%| E|CS|TAMS 0x000000008f200000, 0x000000008f200000| Complete 
| 243|0x000000008f300000, 0x000000008f400000, 0x000000008f400000|100%| E|CS|TAMS 0x000000008f300000, 0x000000008f300000| Complete 
| 244|0x000000008f400000, 0x000000008f500000, 0x000000008f500000|100%| E|CS|TAMS 0x000000008f400000, 0x000000008f400000| Complete 
| 245|0x000000008f500000, 0x000000008f600000, 0x000000008f600000|100%| E|CS|TAMS 0x000000008f500000, 0x000000008f500000| Complete 
| 246|0x000000008f600000, 0x000000008f700000, 0x000000008f700000|100%| E|CS|TAMS 0x000000008f600000, 0x000000008f600000| Complete 
| 247|0x000000008f700000, 0x000000008f800000, 0x000000008f800000|100%| E|CS|TAMS 0x000000008f700000, 0x000000008f700000| Complete 
| 248|0x000000008f800000, 0x000000008f900000, 0x000000008f900000|100%| E|CS|TAMS 0x000000008f800000, 0x000000008f800000| Complete 
| 249|0x000000008f900000, 0x000000008fa00000, 0x000000008fa00000|100%| E|CS|TAMS 0x000000008f900000, 0x000000008f900000| Complete 
| 250|0x000000008fa00000, 0x000000008fb00000, 0x000000008fb00000|100%| E|CS|TAMS 0x000000008fa00000, 0x000000008fa00000| Complete 
| 251|0x000000008fb00000, 0x000000008fc00000, 0x000000008fc00000|100%| E|CS|TAMS 0x000000008fb00000, 0x000000008fb00000| Complete 
| 252|0x000000008fc00000, 0x000000008fd00000, 0x000000008fd00000|100%| E|CS|TAMS 0x000000008fc00000, 0x000000008fc00000| Complete 
| 253|0x000000008fd00000, 0x000000008fe00000, 0x000000008fe00000|100%| E|CS|TAMS 0x000000008fd00000, 0x000000008fd00000| Complete 

Card table byte_map: [0x00000184743d0000,0x00000184747d0000] _byte_map_base: 0x0000018473fd0000

Marking Bits (Prev, Next): (CMBitMap*) 0x0000018460c1b6b0, (CMBitMap*) 0x0000018460c1b678
 Prev Bits: [0x0000018476bd0000, 0x0000018478bd0000)
 Next Bits: [0x0000018474bd0000, 0x0000018476bd0000)

Polling page: 0x000001845f3a0000

Metaspace:

Usage:
  Non-class:    103.71 MB capacity,   101.61 MB ( 98%) used,     1.78 MB (  2%) free+waste,   332.19 KB ( <1%) overhead. 
      Class:     15.56 MB capacity,    14.47 MB ( 93%) used,   972.47 KB (  6%) free+waste,   149.50 KB ( <1%) overhead. 
       Both:    119.27 MB capacity,   116.07 MB ( 97%) used,     2.73 MB (  2%) free+waste,   481.69 KB ( <1%) overhead. 

Virtual space:
  Non-class space:      104.00 MB reserved,     103.75 MB (>99%) committed 
      Class space:        1.00 GB reserved,      15.63 MB (  2%) committed 
             Both:        1.10 GB reserved,     119.38 MB ( 11%) committed 

Chunk freelists:
   Non-Class:  38.00 KB
       Class:  1.00 KB
        Both:  39.00 KB

MaxMetaspaceSize: 17179869184.00 GB
CompressedClassSpaceSize: 1.00 GB

CodeHeap 'non-profiled nmethods': size=120000Kb used=11608Kb max_used=11608Kb free=108391Kb
 bounds [0x000001846c030000, 0x000001846cba0000, 0x0000018473560000]
CodeHeap 'profiled nmethods': size=120000Kb used=31751Kb max_used=32844Kb free=88249Kb
 bounds [0x0000018464b00000, 0x0000018466b80000, 0x000001846c030000]
CodeHeap 'non-nmethods': size=5760Kb used=2349Kb max_used=2441Kb free=3410Kb
 bounds [0x0000018464560000, 0x00000184647d0000, 0x0000018464b00000]
 total_blobs=15306 nmethods=14350 adapters=867
 compilation: enabled
              stopped_count=0, restarted_count=0
 full_count=0

Compilation events (20 events):
Event: 149.347 Thread 0x000001847bf75800 17235       3       com.sun.tools.javac.comp.Flow$FlowAnalyzer::visitBlock (9 bytes)
Event: 149.348 Thread 0x000001847bf75800 nmethod 17235 0x0000018465d9ee10 code [0x0000018465d9f020, 0x0000018465d9f828]
Event: 149.348 Thread 0x000001847bf75800 17234       3       com.sun.tools.javac.comp.Check::isUnchecked (57 bytes)
Event: 149.348 Thread 0x000001847bf75800 nmethod 17234 0x0000018465df5d10 code [0x0000018465df5f80, 0x0000018465df6b38]
Event: 149.365 Thread 0x000001847bf75800 17237       3       com.sun.tools.javac.tree.JCTree$JCStatement::setType (8 bytes)
Event: 149.365 Thread 0x000001847bf75800 nmethod 17237 0x0000018464b26210 code [0x0000018464b263c0, 0x0000018464b26578]
Event: 149.369 Thread 0x000001847bf75800 17238       3       com.sun.tools.javac.tree.JCTree$JCStatement::setPos (8 bytes)
Event: 149.369 Thread 0x000001847bf75800 nmethod 17238 0x0000018464b25e10 code [0x0000018464b25fc0, 0x0000018464b26118]
Event: 149.385 Thread 0x000001847c20c000 nmethod 17178 0x000001846cb88390 code [0x000001846cb88840, 0x000001846cb8d690]
Event: 149.385 Thread 0x000001847c20c000 17231       4       com.sun.tools.javac.code.Types::union (182 bytes)
Event: 149.423 Thread 0x000001847bf70000 nmethod 17226 0x000001846c90ba10 code [0x000001846c90bec0, 0x000001846c90e7c8]
Event: 149.424 Thread 0x000001847bf70000 17236       4       com.sun.tools.javac.tree.JCTree$JCAnnotation::accept (6 bytes)
Event: 149.424 Thread 0x000001847bf70000 nmethod 17236 0x000001846c35ff10 code [0x000001846c3600a0, 0x000001846c360138]
Event: 149.439 Thread 0x000001847bf75800 17239       3       com.sun.tools.javac.jvm.Code::get1 (11 bytes)
Event: 149.439 Thread 0x000001847bf75800 nmethod 17239 0x0000018464e62a10 code [0x0000018464e62bc0, 0x0000018464e62cf8]
Event: 149.444 Thread 0x000001847bf70000 17240   !   4       com.sun.tools.javac.jvm.Gen::genExpr (146 bytes)
Event: 149.456 Thread 0x000001847bf70000 nmethod 17240 0x000001846c8bc790 code [0x000001846c8bc9c0, 0x000001846c8bd6d0]
Event: 149.458 Thread 0x000001847bf70000 17241       4       com.sun.tools.javac.code.Scope$CompoundScope$$Lambda$954/0x0000000100c6d440::apply (16 bytes)
Event: 149.465 Thread 0x000001847c20c000 nmethod 17231 0x000001846cb8fc10 code [0x000001846cb90260, 0x000001846cb931a0]
Event: 149.466 Thread 0x000001847c20c000 17242   !   4       com.sun.tools.javac.comp.Annotate::flush (147 bytes)

GC Heap History (20 events):
Event: 23.366 GC heap before
{Heap before GC invocations=29 (full 0):
 garbage-first heap   total 260096K, used 214738K [0x0000000080000000, 0x0000000100000000)
  region size 1024K, 80 young (81920K), 4 survivors (4096K)
 Metaspace       used 113188K, capacity 116018K, committed 116224K, reserved 1150976K
  class space    used 14273K, capacity 15304K, committed 15360K, reserved 1048576K
}
Event: 23.375 GC heap after
{Heap after GC invocations=30 (full 0):
 garbage-first heap   total 260096K, used 140037K [0x0000000080000000, 0x0000000100000000)
  region size 1024K, 8 young (8192K), 8 survivors (8192K)
 Metaspace       used 113188K, capacity 116018K, committed 116224K, reserved 1150976K
  class space    used 14273K, capacity 15304K, committed 15360K, reserved 1048576K
}
Event: 23.430 GC heap before
{Heap before GC invocations=30 (full 0):
 garbage-first heap   total 260096K, used 144133K [0x0000000080000000, 0x0000000100000000)
  region size 1024K, 12 young (12288K), 8 survivors (8192K)
 Metaspace       used 113195K, capacity 116018K, committed 116224K, reserved 1150976K
  class space    used 14273K, capacity 15304K, committed 15360K, reserved 1048576K
}
Event: 23.437 GC heap after
{Heap after GC invocations=31 (full 0):
 garbage-first heap   total 260096K, used 140165K [0x0000000080000000, 0x0000000100000000)
  region size 1024K, 1 young (1024K), 1 survivors (1024K)
 Metaspace       used 113195K, capacity 116018K, committed 116224K, reserved 1150976K
  class space    used 14273K, capacity 15304K, committed 15360K, reserved 1048576K
}
Event: 144.673 GC heap before
{Heap before GC invocations=31 (full 0):
 garbage-first heap   total 260096K, used 215941K [0x0000000080000000, 0x0000000100000000)
  region size 1024K, 75 young (76800K), 1 survivors (1024K)
 Metaspace       used 116118K, capacity 119229K, committed 119424K, reserved 1153024K
  class space    used 14621K, capacity 15718K, committed 15744K, reserved 1048576K
}
Event: 144.686 GC heap after
{Heap after GC invocations=32 (full 0):
 garbage-first heap   total 260096K, used 145422K [0x0000000080000000, 0x0000000100000000)
  region size 1024K, 7 young (7168K), 7 survivors (7168K)
 Metaspace       used 116118K, capacity 119229K, committed 119424K, reserved 1153024K
  class space    used 14621K, capacity 15718K, committed 15744K, reserved 1048576K
}
Event: 145.245 GC heap before
{Heap before GC invocations=33 (full 0):
 garbage-first heap   total 260096K, used 215054K [0x0000000080000000, 0x0000000100000000)
  region size 1024K, 76 young (77824K), 7 survivors (7168K)
 Metaspace       used 116152K, capacity 119230K, committed 119424K, reserved 1153024K
  class space    used 14621K, capacity 15718K, committed 15744K, reserved 1048576K
}
Event: 145.253 GC heap after
{Heap after GC invocations=34 (full 0):
 garbage-first heap   total 260096K, used 148307K [0x0000000080000000, 0x0000000100000000)
  region size 1024K, 3 young (3072K), 3 survivors (3072K)
 Metaspace       used 116152K, capacity 119230K, committed 119424K, reserved 1153024K
  class space    used 14621K, capacity 15718K, committed 15744K, reserved 1048576K
}
Event: 145.295 GC heap before
{Heap before GC invocations=34 (full 0):
 garbage-first heap   total 260096K, used 156499K [0x0000000080000000, 0x0000000100000000)
  region size 1024K, 12 young (12288K), 3 survivors (3072K)
 Metaspace       used 116154K, capacity 119230K, committed 119424K, reserved 1153024K
  class space    used 14621K, capacity 15718K, committed 15744K, reserved 1048576K
}
Event: 145.301 GC heap after
{Heap after GC invocations=35 (full 0):
 garbage-first heap   total 260096K, used 146977K [0x0000000080000000, 0x0000000100000000)
  region size 1024K, 1 young (1024K), 1 survivors (1024K)
 Metaspace       used 116154K, capacity 119230K, committed 119424K, reserved 1153024K
  class space    used 14621K, capacity 15718K, committed 15744K, reserved 1048576K
}
Event: 145.569 GC heap before
{Heap before GC invocations=35 (full 0):
 garbage-first heap   total 260096K, used 217633K [0x0000000080000000, 0x0000000100000000)
  region size 1024K, 71 young (72704K), 1 survivors (1024K)
 Metaspace       used 116184K, capacity 119294K, committed 119424K, reserved 1153024K
  class space    used 14621K, capacity 15718K, committed 15744K, reserved 1048576K
}
Event: 145.572 GC heap after
{Heap after GC invocations=36 (full 0):
 garbage-first heap   total 260096K, used 148321K [0x0000000080000000, 0x0000000100000000)
  region size 1024K, 2 young (2048K), 2 survivors (2048K)
 Metaspace       used 116184K, capacity 119294K, committed 119424K, reserved 1153024K
  class space    used 14621K, capacity 15718K, committed 15744K, reserved 1048576K
}
Event: 146.027 GC heap before
{Heap before GC invocations=36 (full 0):
 garbage-first heap   total 260096K, used 200545K [0x0000000080000000, 0x0000000100000000)
  region size 1024K, 55 young (56320K), 2 survivors (2048K)
 Metaspace       used 116510K, capacity 119733K, committed 120064K, reserved 1153024K
  class space    used 14643K, capacity 15760K, committed 15872K, reserved 1048576K
}
Event: 146.035 GC heap after
{Heap after GC invocations=37 (full 0):
 garbage-first heap   total 260096K, used 151889K [0x0000000080000000, 0x0000000100000000)
  region size 1024K, 6 young (6144K), 6 survivors (6144K)
 Metaspace       used 116510K, capacity 119733K, committed 120064K, reserved 1153024K
  class space    used 14643K, capacity 15760K, committed 15872K, reserved 1048576K
}
Event: 146.766 GC heap before
{Heap before GC invocations=38 (full 0):
 garbage-first heap   total 260096K, used 215377K [0x0000000080000000, 0x0000000100000000)
  region size 1024K, 67 young (68608K), 6 survivors (6144K)
 Metaspace       used 116602K, capacity 119802K, committed 120064K, reserved 1153024K
  class space    used 14643K, capacity 15760K, committed 15872K, reserved 1048576K
}
Event: 146.781 GC heap after
{Heap after GC invocations=39 (full 0):
 garbage-first heap   total 260096K, used 170600K [0x0000000080000000, 0x0000000100000000)
  region size 1024K, 9 young (9216K), 9 survivors (9216K)
 Metaspace       used 116602K, capacity 119802K, committed 120064K, reserved 1153024K
  class space    used 14643K, capacity 15760K, committed 15872K, reserved 1048576K
}
Event: 146.847 GC heap before
{Heap before GC invocations=39 (full 0):
 garbage-first heap   total 260096K, used 173672K [0x0000000080000000, 0x0000000100000000)
  region size 1024K, 12 young (12288K), 9 survivors (9216K)
 Metaspace       used 116819K, capacity 119964K, committed 120064K, reserved 1153024K
  class space    used 14670K, capacity 15792K, committed 15872K, reserved 1048576K
}
Event: 146.861 GC heap after
{Heap after GC invocations=40 (full 0):
 garbage-first heap   total 260096K, used 158823K [0x0000000080000000, 0x0000000100000000)
  region size 1024K, 2 young (2048K), 2 survivors (2048K)
 Metaspace       used 116819K, capacity 119964K, committed 120064K, reserved 1153024K
  class space    used 14670K, capacity 15792K, committed 15872K, reserved 1048576K
}
Event: 147.866 GC heap before
{Heap before GC invocations=40 (full 0):
 garbage-first heap   total 260096K, used 212071K [0x0000000080000000, 0x0000000100000000)
  region size 1024K, 54 young (55296K), 2 survivors (2048K)
 Metaspace       used 118466K, capacity 121673K, committed 121984K, reserved 1155072K
  class space    used 14804K, capacity 15932K, committed 16000K, reserved 1048576K
}
Event: 147.871 GC heap after
{Heap after GC invocations=41 (full 0):
 garbage-first heap   total 260096K, used 160506K [0x0000000080000000, 0x0000000100000000)
  region size 1024K, 4 young (4096K), 4 survivors (4096K)
 Metaspace       used 118466K, capacity 121673K, committed 121984K, reserved 1155072K
  class space    used 14804K, capacity 15932K, committed 16000K, reserved 1048576K
}

Deoptimization events (20 events):
Event: 149.345 Thread 0x0000018402b8e000 Uncommon trap: trap_request=0xffffffde fr.pc=0x000001846c8535e0 relative=0x0000000000002500
Event: 149.345 Thread 0x0000018402b8e000 Uncommon trap: reason=class_check action=maybe_recompile pc=0x000001846c8535e0 method=com.sun.tools.javac.code.Types.union(Lcom/sun/tools/javac/util/List;Lcom/sun/tools/javac/util/List;Ljava/util/function/BiPredicate;)Lcom/sun/tools/javac/util/List; @ 58 
Event: 149.345 Thread 0x0000018402b8e000 DEOPT PACKING pc=0x000001846c8535e0 sp=0x000000082a9f3810
Event: 149.345 Thread 0x0000018402b8e000 DEOPT UNPACKING pc=0x000001846456822f sp=0x000000082a9f37d8 mode 2
Event: 149.346 Thread 0x0000018402b8e000 Uncommon trap: trap_request=0xffffffde fr.pc=0x000001846c8535e0 relative=0x0000000000002500
Event: 149.346 Thread 0x0000018402b8e000 Uncommon trap: reason=class_check action=maybe_recompile pc=0x000001846c8535e0 method=com.sun.tools.javac.code.Types.union(Lcom/sun/tools/javac/util/List;Lcom/sun/tools/javac/util/List;Ljava/util/function/BiPredicate;)Lcom/sun/tools/javac/util/List; @ 58 
Event: 149.346 Thread 0x0000018402b8e000 DEOPT PACKING pc=0x000001846c8535e0 sp=0x000000082a9f42a0
Event: 149.346 Thread 0x0000018402b8e000 DEOPT UNPACKING pc=0x000001846456822f sp=0x000000082a9f4268 mode 2
Event: 149.346 Thread 0x0000018402b8e000 Uncommon trap: trap_request=0xffffffde fr.pc=0x000001846cb79f64 relative=0x0000000000006464
Event: 149.346 Thread 0x0000018402b8e000 Uncommon trap: reason=class_check action=maybe_recompile pc=0x000001846cb79f64 method=com.sun.tools.javac.comp.Resolve$AbstractMethodCheck.argumentsAcceptable(Lcom/sun/tools/javac/comp/Env;Lcom/sun/tools/javac/comp/DeferredAttr$DeferredAttrContext;Lcom/su
Event: 149.346 Thread 0x0000018402b8e000 DEOPT PACKING pc=0x000001846cb79f64 sp=0x000000082a9f49b0
Event: 149.346 Thread 0x0000018402b8e000 DEOPT UNPACKING pc=0x000001846456822f sp=0x000000082a9f4898 mode 2
Event: 149.346 Thread 0x0000018402b8e000 Uncommon trap: trap_request=0xffffffde fr.pc=0x000001846c8535e0 relative=0x0000000000002500
Event: 149.346 Thread 0x0000018402b8e000 Uncommon trap: reason=class_check action=maybe_recompile pc=0x000001846c8535e0 method=com.sun.tools.javac.code.Types.union(Lcom/sun/tools/javac/util/List;Lcom/sun/tools/javac/util/List;Ljava/util/function/BiPredicate;)Lcom/sun/tools/javac/util/List; @ 58 
Event: 149.346 Thread 0x0000018402b8e000 DEOPT PACKING pc=0x000001846c8535e0 sp=0x000000082a9f37e0
Event: 149.346 Thread 0x0000018402b8e000 DEOPT UNPACKING pc=0x000001846456822f sp=0x000000082a9f37a8 mode 2
Event: 149.369 Thread 0x0000018402b8e000 Uncommon trap: trap_request=0xffffff4d fr.pc=0x000001846c0d419c relative=0x00000000000000dc
Event: 149.369 Thread 0x0000018402b8e000 Uncommon trap: reason=unstable_if action=reinterpret pc=0x000001846c0d419c method=com.sun.tools.javac.tree.TreeScanner.scan(Lcom/sun/tools/javac/util/List;)V @ 1 c2
Event: 149.369 Thread 0x0000018402b8e000 DEOPT PACKING pc=0x000001846c0d419c sp=0x000000082a9f6d10
Event: 149.369 Thread 0x0000018402b8e000 DEOPT UNPACKING pc=0x000001846456822f sp=0x000000082a9f6ca8 mode 2

Classes redefined (0 events):
No events

Internal exceptions (20 events):
Event: 149.045 Thread 0x0000018402b8e000 Exception <a 'sun/nio/fs/WindowsException'{0x000000008e483540}> (0x000000008e483540) thrown at [./src/hotspot/share/prims/jni.cpp, line 615]
Event: 149.046 Thread 0x0000018402b8e000 Exception <a 'sun/nio/fs/WindowsException'{0x000000008e489ca8}> (0x000000008e489ca8) thrown at [./src/hotspot/share/prims/jni.cpp, line 615]
Event: 149.047 Thread 0x0000018402b8e000 Exception <a 'sun/nio/fs/WindowsException'{0x000000008e4910a8}> (0x000000008e4910a8) thrown at [./src/hotspot/share/prims/jni.cpp, line 615]
Event: 149.075 Thread 0x0000018402b8e000 Exception <a 'sun/nio/fs/WindowsException'{0x000000008e49aaa8}> (0x000000008e49aaa8) thrown at [./src/hotspot/share/prims/jni.cpp, line 615]
Event: 149.090 Thread 0x0000018402b8e000 Exception <a 'sun/nio/fs/WindowsException'{0x000000008e4ab520}> (0x000000008e4ab520) thrown at [./src/hotspot/share/prims/jni.cpp, line 615]
Event: 149.098 Thread 0x0000018402b8e000 Exception <a 'sun/nio/fs/WindowsException'{0x000000008e4cda20}> (0x000000008e4cda20) thrown at [./src/hotspot/share/prims/jni.cpp, line 615]
Event: 149.145 Thread 0x0000018402b8e000 Exception <a 'sun/nio/fs/WindowsException'{0x000000008e216378}> (0x000000008e216378) thrown at [./src/hotspot/share/prims/jni.cpp, line 615]
Event: 149.194 Thread 0x0000018402b8e000 Exception <a 'sun/nio/fs/WindowsException'{0x000000008e081020}> (0x000000008e081020) thrown at [./src/hotspot/share/prims/jni.cpp, line 615]
Event: 149.202 Thread 0x0000018402b8e000 Exception <a 'sun/nio/fs/WindowsException'{0x000000008e094668}> (0x000000008e094668) thrown at [./src/hotspot/share/prims/jni.cpp, line 615]
Event: 149.262 Thread 0x0000018402b8e000 Exception <a 'sun/nio/fs/WindowsException'{0x000000008dc4a300}> (0x000000008dc4a300) thrown at [./src/hotspot/share/prims/jni.cpp, line 615]
Event: 149.266 Thread 0x0000018402b8e000 Exception <a 'sun/nio/fs/WindowsException'{0x000000008dc50aa8}> (0x000000008dc50aa8) thrown at [./src/hotspot/share/prims/jni.cpp, line 615]
Event: 149.271 Thread 0x0000018402b8e000 Exception <a 'sun/nio/fs/WindowsException'{0x000000008dc56840}> (0x000000008dc56840) thrown at [./src/hotspot/share/prims/jni.cpp, line 615]
Event: 149.273 Thread 0x0000018402b8e000 Exception <a 'sun/nio/fs/WindowsException'{0x000000008dc5c740}> (0x000000008dc5c740) thrown at [./src/hotspot/share/prims/jni.cpp, line 615]
Event: 149.277 Thread 0x0000018402b8e000 Exception <a 'sun/nio/fs/WindowsException'{0x000000008dc64110}> (0x000000008dc64110) thrown at [./src/hotspot/share/prims/jni.cpp, line 615]
Event: 149.282 Thread 0x0000018402b8e000 Exception <a 'sun/nio/fs/WindowsException'{0x000000008dc74dc8}> (0x000000008dc74dc8) thrown at [./src/hotspot/share/prims/jni.cpp, line 615]
Event: 149.298 Thread 0x0000018402b8e000 Exception <a 'sun/nio/fs/WindowsException'{0x000000008dc96da8}> (0x000000008dc96da8) thrown at [./src/hotspot/share/prims/jni.cpp, line 615]
Event: 149.370 Thread 0x0000018402b8e000 Exception <a 'sun/nio/fs/WindowsException'{0x000000008daf01c8}> (0x000000008daf01c8) thrown at [./src/hotspot/share/prims/jni.cpp, line 615]
Event: 149.371 Thread 0x0000018402b8e000 Exception <a 'sun/nio/fs/WindowsException'{0x000000008daf1bd8}> (0x000000008daf1bd8) thrown at [./src/hotspot/share/prims/jni.cpp, line 615]
Event: 149.439 Thread 0x0000018402b8e000 Exception <a 'sun/nio/fs/WindowsException'{0x000000008daf8e48}> (0x000000008daf8e48) thrown at [./src/hotspot/share/prims/jni.cpp, line 615]
Event: 149.446 Thread 0x0000018402b8e000 Exception <a 'sun/nio/fs/WindowsException'{0x000000008d906e00}> (0x000000008d906e00) thrown at [./src/hotspot/share/prims/jni.cpp, line 615]

Events (20 events):
Event: 149.353 Thread 0x000001847bf82800 flushing nmethod 0x0000018464e62190
Event: 149.354 Thread 0x000001847bf82800 flushing nmethod 0x0000018464f0ca90
Event: 149.354 Thread 0x000001847bf82800 flushing nmethod 0x0000018464fc4210
Event: 149.354 Thread 0x000001847bf82800 flushing nmethod 0x0000018464ffa490
Event: 149.354 Thread 0x000001847bf82800 flushing nmethod 0x000001846509d210
Event: 149.354 Thread 0x000001847bf82800 flushing nmethod 0x00000184650e2290
Event: 149.355 Thread 0x000001847bf82800 flushing nmethod 0x00000184651d0690
Event: 149.357 Thread 0x000001847bf82800 flushing nmethod 0x0000018465694d90
Event: 149.358 Thread 0x000001847bf82800 flushing nmethod 0x00000184657a6290
Event: 149.358 Thread 0x000001847bf82800 flushing nmethod 0x00000184658c7910
Event: 149.358 Thread 0x000001847bf82800 flushing nmethod 0x00000184658cd210
Event: 149.358 Thread 0x000001847bf82800 flushing nmethod 0x0000018465905c10
Event: 149.358 Thread 0x000001847bf82800 flushing nmethod 0x0000018465909d10
Event: 149.358 Thread 0x000001847bf82800 flushing nmethod 0x0000018465995a10
Event: 149.360 Thread 0x000001847bf82800 flushing nmethod 0x0000018465c5d610
Event: 149.361 Thread 0x000001847bf82800 flushing nmethod 0x0000018465efb390
Event: 149.361 Thread 0x000001847bf82800 flushing nmethod 0x0000018465f5d610
Event: 149.364 Thread 0x000001847bf82800 flushing nmethod 0x0000018466790a90
Event: 149.365 Thread 0x000001847bf82800 flushing nmethod 0x0000018466867990
Event: 149.366 Thread 0x000001847bf82800 flushing nmethod 0x0000018466a51f10


Dynamic libraries:
0x00007ff6f8ab0000 - 0x00007ff6f8aba000 	C:\Program Files\Android\Android Studio1\jre\bin\java.exe
0x00007ffc28630000 - 0x00007ffc28825000 	C:\Windows\SYSTEM32\ntdll.dll
0x00007ffc27690000 - 0x00007ffc2774d000 	C:\Windows\System32\KERNEL32.DLL
0x00007ffc25fb0000 - 0x00007ffc26278000 	C:\Windows\System32\KERNELBASE.dll
0x00007ffc26490000 - 0x00007ffc26590000 	C:\Windows\System32\ucrtbase.dll
0x00007ffc1d480000 - 0x00007ffc1d497000 	C:\Program Files\Android\Android Studio1\jre\bin\VCRUNTIME140.dll
0x00007ffc04830000 - 0x00007ffc04849000 	C:\Program Files\Android\Android Studio1\jre\bin\jli.dll
0x00007ffc26700000 - 0x00007ffc268a0000 	C:\Windows\System32\USER32.dll
0x00007ffc262b0000 - 0x00007ffc262d2000 	C:\Windows\System32\win32u.dll
0x00007ffc1b420000 - 0x00007ffc1b6ba000 	C:\Windows\WinSxS\amd64_microsoft.windows.common-controls_6595b64144ccf1df_6.0.19041.1052_none_60b8f8fd71f5e8cb\COMCTL32.dll
0x00007ffc27f70000 - 0x00007ffc27f9a000 	C:\Windows\System32\GDI32.dll
0x00007ffc27ed0000 - 0x00007ffc27f6e000 	C:\Windows\System32\msvcrt.dll
0x00007ffc25d70000 - 0x00007ffc25e7b000 	C:\Windows\System32\gdi32full.dll
0x00007ffc25f10000 - 0x00007ffc25fad000 	C:\Windows\System32\msvcp_win.dll
0x00007ffc27890000 - 0x00007ffc278c0000 	C:\Windows\System32\IMM32.DLL
0x00007ffbdd670000 - 0x00007ffbdd70d000 	C:\Program Files\Android\Android Studio1\jre\bin\msvcp140.dll
0x00007ffbaa780000 - 0x00007ffbab23c000 	C:\Program Files\Android\Android Studio1\jre\bin\server\jvm.dll
0x00007ffc268a0000 - 0x00007ffc2694c000 	C:\Windows\System32\ADVAPI32.dll
0x00007ffc280e0000 - 0x00007ffc2817b000 	C:\Windows\System32\sechost.dll
0x00007ffc27c70000 - 0x00007ffc27d9b000 	C:\Windows\System32\RPCRT4.dll
0x00007ffc27fa0000 - 0x00007ffc27fa8000 	C:\Windows\System32\PSAPI.DLL
0x00007ffc1cb60000 - 0x00007ffc1cb6a000 	C:\Windows\SYSTEM32\VERSION.dll
0x00007ffc1d5d0000 - 0x00007ffc1d5f7000 	C:\Windows\SYSTEM32\WINMM.dll
0x00007ffc03630000 - 0x00007ffc03639000 	C:\Windows\SYSTEM32\WSOCK32.dll
0x00007ffc27a70000 - 0x00007ffc27adb000 	C:\Windows\System32\WS2_32.dll
0x00007ffc24670000 - 0x00007ffc24682000 	C:\Windows\SYSTEM32\kernel.appcore.dll
0x00007ffc1edf0000 - 0x00007ffc1ee01000 	C:\Program Files\Android\Android Studio1\jre\bin\verify.dll
0x00007ffc24310000 - 0x00007ffc244f4000 	C:\Windows\SYSTEM32\DBGHELP.DLL
0x00007ffc1b150000 - 0x00007ffc1b17c000 	C:\Windows\SYSTEM32\dbgcore.DLL
0x00007ffc25e80000 - 0x00007ffc25f03000 	C:\Windows\System32\bcryptPrimitives.dll
0x00007ffc19fa0000 - 0x00007ffc19fc9000 	C:\Program Files\Android\Android Studio1\jre\bin\java.dll
0x00007ffc1f460000 - 0x00007ffc1f46b000 	C:\Program Files\Android\Android Studio1\jre\bin\jimage.dll
0x00007ffc0da60000 - 0x00007ffc0da78000 	C:\Program Files\Android\Android Studio1\jre\bin\zip.dll
0x00007ffc26950000 - 0x00007ffc2708f000 	C:\Windows\System32\SHELL32.dll
0x00007ffc23ab0000 - 0x00007ffc24240000 	C:\Windows\SYSTEM32\windows.storage.dll
0x00007ffc27190000 - 0x00007ffc274e5000 	C:\Windows\System32\combase.dll
0x00007ffc25790000 - 0x00007ffc257bc000 	C:\Windows\SYSTEM32\Wldp.dll
0x00007ffc27bc0000 - 0x00007ffc27c6e000 	C:\Windows\System32\SHCORE.dll
0x00007ffc28080000 - 0x00007ffc280d5000 	C:\Windows\System32\shlwapi.dll
0x00007ffc25cb0000 - 0x00007ffc25ccf000 	C:\Windows\SYSTEM32\profapi.dll
0x00007ffc0d9e0000 - 0x00007ffc0d9fa000 	C:\Program Files\Android\Android Studio1\jre\bin\net.dll
0x00007ffc20690000 - 0x00007ffc2079b000 	C:\Windows\SYSTEM32\WINHTTP.dll
0x00007ffc254e0000 - 0x00007ffc2554a000 	C:\Windows\system32\mswsock.dll
0x00007ffc0d9a0000 - 0x00007ffc0d9b4000 	C:\Program Files\Android\Android Studio1\jre\bin\nio.dll
0x00007ffc19f70000 - 0x00007ffc19f97000 	C:\Users\juan_\.gradle\native\fdc75f09e3144964f2cf3f50f0aa648679c211496f362492102eb8c894070792\windows-amd64\native-platform.dll
0x00007ffbe80f0000 - 0x00007ffbe8286000 	C:\Users\juan_\.gradle\native\12488b8bf47d2d4c9fbf2f6322a914ad602e24e48041cd04a747c6da556b65c4\windows-amd64\native-platform-file-events.dll
0x00007ffc1f090000 - 0x00007ffc1f09a000 	C:\Program Files\Android\Android Studio1\jre\bin\management.dll
0x00007ffc1ede0000 - 0x00007ffc1edec000 	C:\Program Files\Android\Android Studio1\jre\bin\management_ext.dll
0x00007ffc256b0000 - 0x00007ffc256c8000 	C:\Windows\SYSTEM32\CRYPTSP.dll
0x00007ffc24e80000 - 0x00007ffc24eb4000 	C:\Windows\system32\rsaenh.dll
0x00007ffc26280000 - 0x00007ffc262a7000 	C:\Windows\System32\bcrypt.dll
0x00007ffc25c30000 - 0x00007ffc25c5e000 	C:\Windows\SYSTEM32\USERENV.dll
0x00007ffc256d0000 - 0x00007ffc256dc000 	C:\Windows\SYSTEM32\CRYPTBASE.dll
0x00007ffc251d0000 - 0x00007ffc2520b000 	C:\Windows\SYSTEM32\IPHLPAPI.DLL
0x00007ffc270f0000 - 0x00007ffc270f8000 	C:\Windows\System32\NSI.dll
0x00007ffc1c700000 - 0x00007ffc1c717000 	C:\Windows\SYSTEM32\dhcpcsvc6.DLL
0x00007ffc1d540000 - 0x00007ffc1d55d000 	C:\Windows\SYSTEM32\dhcpcsvc.DLL
0x00007ffc25210000 - 0x00007ffc252dc000 	C:\Windows\SYSTEM32\DNSAPI.dll
0x00007ffc207a0000 - 0x00007ffc207ab000 	C:\Windows\SYSTEM32\WINNSI.DLL
0x00007ffc035d0000 - 0x00007ffc035f7000 	C:\Program Files\Android\Android Studio1\jre\bin\sunec.dll
0x00007ffc1c5e0000 - 0x00007ffc1c5ea000 	C:\Windows\System32\rasadhlp.dll
0x00007ffc1ba70000 - 0x00007ffc1baef000 	C:\Windows\System32\fwpuclnt.dll

dbghelp: loaded successfully - version: 4.0.5 - missing functions: none
symbol engine: initialized successfully - sym options: 0x614 - pdb path: .;C:\Program Files\Android\Android Studio1\jre\bin;C:\Windows\SYSTEM32;C:\Windows\WinSxS\amd64_microsoft.windows.common-controls_6595b64144ccf1df_6.0.19041.1052_none_60b8f8fd71f5e8cb;C:\Program Files\Android\Android Studio1\jre\bin\server;C:\Users\juan_\.gradle\native\fdc75f09e3144964f2cf3f50f0aa648679c211496f362492102eb8c894070792\windows-amd64;C:\Users\juan_\.gradle\native\12488b8bf47d2d4c9fbf2f6322a914ad602e24e48041cd04a747c6da556b65c4\windows-amd64

VM Arguments:
jvm_args: --add-opens=java.base/java.util=ALL-UNNAMED --add-opens=java.base/java.lang=ALL-UNNAMED --add-opens=java.base/java.lang.invoke=ALL-UNNAMED --add-opens=java.prefs/java.util.prefs=ALL-UNNAMED -Xmx2048m -Dfile.encoding=UTF-8 -Duser.country=GB -Duser.language=en -Duser.variant 
java_command: org.gradle.launcher.daemon.bootstrap.GradleDaemon 6.7.1
java_class_path (initial): C:\Users\juan_\.gradle\wrapper\dists\gradle-6.7.1-bin\bwlcbys1h7rz3272sye1xwiv6\gradle-6.7.1\lib\gradle-launcher-6.7.1.jar
Launcher Type: SUN_STANDARD

[Global flags]
     intx CICompilerCount                          = 4                                         {product} {ergonomic}
     uint ConcGCThreads                            = 2                                         {product} {ergonomic}
     uint G1ConcRefinementThreads                  = 8                                         {product} {ergonomic}
   size_t G1HeapRegionSize                         = 1048576                                   {product} {ergonomic}
    uintx GCDrainStackTargetSize                   = 64                                        {product} {ergonomic}
   size_t InitialHeapSize                          = 266338304                                 {product} {ergonomic}
   size_t MarkStackSize                            = 4194304                                   {product} {ergonomic}
   size_t MaxHeapSize                              = 2147483648                                {product} {command line}
   size_t MaxNewSize                               = 1287651328                                {product} {ergonomic}
   size_t MinHeapDeltaBytes                        = 1048576                                   {product} {ergonomic}
    uintx NonNMethodCodeHeapSize                   = 5836300                                {pd product} {ergonomic}
    uintx NonProfiledCodeHeapSize                  = 122910970                              {pd product} {ergonomic}
    uintx ProfiledCodeHeapSize                     = 122910970                              {pd product} {ergonomic}
    uintx ReservedCodeCacheSize                    = 251658240                              {pd product} {ergonomic}
     bool SegmentedCodeCache                       = true                                      {product} {ergonomic}
     bool UseCompressedClassPointers               = true                                 {lp64_product} {ergonomic}
     bool UseCompressedOops                        = true                                 {lp64_product} {ergonomic}
     bool UseG1GC                                  = true                                      {product} {ergonomic}
     bool UseLargePagesIndividualAllocation        = false                                  {pd product} {ergonomic}

Logging:
Log output configuration:
 #0: stdout all=warning uptime,level,tags
 #1: stderr all=off uptime,level,tags

Environment Variables:
PATH=C:\Python39\Scripts\;C:\Python39\;C:\Program Files (x86)\Common Files\Oracle\Java\javapath;C:\Windows\system32;C:\Windows;C:\Windows\System32\Wbem;C:\Windows\System32\WindowsPowerShell\v1.0\;C:\Windows\System32\OpenSSH\;C:\Program Files\Git\cmd;C:\Program Files\nodejs\;C:\ProgramData\chocolatey\bin;C:\Users\juan_\AppData\Local\Microsoft\WindowsApps;C:\Users\juan_\AppData\Local\GitHubDesktop\bin;C:\Users\juan_\AppData\Roaming\npm
USERNAME=juan_
OS=Windows_NT
PROCESSOR_IDENTIFIER=Intel64 Family 6 Model 140 Stepping 1, GenuineIntel



---------------  S Y S T E M  ---------------

OS: Windows 10 , 64 bit Build 19041 (10.0.19041.1023)
OS uptime: 2 days 2:59 hours

CPU:total 8 (initial active 8) (4 cores per cpu, 2 threads per core) family 6 model 140 stepping 1, cmov, cx8, fxsr, mmx, sse, sse2, sse3, ssse3, sse4.1, sse4.2, popcnt, avx, avx2, aes, clmul, erms, 3dnowpref, lzcnt, ht, tsc, tscinvbit, bmi1, bmi2, adx, evex, sha, fma

Memory: 4k page, system-wide physical 16183M (199M free)
TotalPageFile size 31543M (AvailPageFile size 1M)
current process WorkingSet (physical memory assigned to process): 457M, peak: 599M
current process commit charge ("private bytes"): 626M, peak: 634M

vm_info: OpenJDK 64-Bit Server VM (11.0.8+10-b944.6842174) for windows-amd64 JRE (11.0.8+10-b944.6842174), built on Sep 19 2020 01:11:42 by "builder" with MS VC++ 14.0 (VS2015)

END.
